2025-05-13T00:10:51.997+05:00  INFO 2136 --- [server] [SpringApplicationShutdownHook] o.s.b.w.e.tomcat.GracefulShutdown        : Commencing graceful shutdown. Waiting for active requests to complete
2025-05-13T00:10:52.127+05:00  INFO 2136 --- [server] [tomcat-shutdown] o.s.b.w.e.tomcat.GracefulShutdown        : Graceful shutdown complete
2025-05-13T00:10:52.165+05:00  INFO 2136 --- [server] [SpringApplicationShutdownHook] j.LocalContainerEntityManagerFactoryBean : Closing JPA EntityManagerFactory for persistence unit 'default'
2025-05-13T00:10:52.185+05:00  INFO 2136 --- [server] [SpringApplicationShutdownHook] com.zaxxer.hikari.HikariDataSource       : HikariPool-1 - Shutdown initiated...
2025-05-13T00:10:52.214+05:00  INFO 2136 --- [server] [SpringApplicationShutdownHook] com.zaxxer.hikari.HikariDataSource       : HikariPool-1 - Shutdown completed.
2025-05-13T11:21:46.964+05:00  INFO 13128 --- [server] [restartedMain] com.vibeverse.server.ServerApplication   : Starting ServerApplication using Java 23.0.2 with PID 13128 (D:\VibeVerse\server\target\classes started by H P in D:\VibeVerse)
2025-05-13T11:21:46.970+05:00  INFO 13128 --- [server] [restartedMain] com.vibeverse.server.ServerApplication   : No active profile set, falling back to 1 default profile: "default"
2025-05-13T11:21:47.245+05:00  INFO 13128 --- [server] [restartedMain] .e.DevToolsPropertyDefaultsPostProcessor : Devtools property defaults active! Set 'spring.devtools.add-properties' to 'false' to disable
2025-05-13T11:21:47.245+05:00  INFO 13128 --- [server] [restartedMain] .e.DevToolsPropertyDefaultsPostProcessor : For additional web related logging consider setting the 'logging.level.web' property to 'DEBUG'
2025-05-13T11:21:50.042+05:00  INFO 13128 --- [server] [restartedMain] .s.d.r.c.RepositoryConfigurationDelegate : Bootstrapping Spring Data JPA repositories in DEFAULT mode.
2025-05-13T11:21:50.854+05:00  INFO 13128 --- [server] [restartedMain] .s.d.r.c.RepositoryConfigurationDelegate : Finished Spring Data repository scanning in 768 ms. Found 7 JPA repository interfaces.
2025-05-13T11:21:53.417+05:00  INFO 13128 --- [server] [restartedMain] o.s.b.w.embedded.tomcat.TomcatWebServer  : Tomcat initialized with port 8080 (http)
2025-05-13T11:21:53.459+05:00  INFO 13128 --- [server] [restartedMain] o.apache.catalina.core.StandardService   : Starting service [Tomcat]
2025-05-13T11:21:53.461+05:00  INFO 13128 --- [server] [restartedMain] o.apache.catalina.core.StandardEngine    : Starting Servlet engine: [Apache Tomcat/10.1.40]
2025-05-13T11:21:53.596+05:00  INFO 13128 --- [server] [restartedMain] o.a.c.c.C.[Tomcat].[localhost].[/]       : Initializing Spring embedded WebApplicationContext
2025-05-13T11:21:53.596+05:00  INFO 13128 --- [server] [restartedMain] w.s.c.ServletWebServerApplicationContext : Root WebApplicationContext: initialization completed in 6349 ms
2025-05-13T11:21:54.056+05:00  INFO 13128 --- [server] [restartedMain] o.hibernate.jpa.internal.util.LogHelper  : HHH000204: Processing PersistenceUnitInfo [name: default]
2025-05-13T11:21:54.188+05:00  INFO 13128 --- [server] [restartedMain] org.hibernate.Version                    : HHH000412: Hibernate ORM core version 6.6.13.Final
2025-05-13T11:21:54.378+05:00  INFO 13128 --- [server] [restartedMain] o.h.c.internal.RegionFactoryInitiator    : HHH000026: Second-level cache disabled
2025-05-13T11:21:55.290+05:00  INFO 13128 --- [server] [restartedMain] o.s.o.j.p.SpringPersistenceUnitInfo      : No LoadTimeWeaver setup: ignoring JPA class transformer
2025-05-13T11:21:55.394+05:00  INFO 13128 --- [server] [restartedMain] com.zaxxer.hikari.HikariDataSource       : HikariPool-1 - Starting...
2025-05-13T11:21:56.041+05:00  INFO 13128 --- [server] [restartedMain] com.zaxxer.hikari.pool.HikariPool        : HikariPool-1 - Added connection org.postgresql.jdbc.PgConnection@244d0faf
2025-05-13T11:21:56.046+05:00  INFO 13128 --- [server] [restartedMain] com.zaxxer.hikari.HikariDataSource       : HikariPool-1 - Start completed.
2025-05-13T11:21:56.246+05:00  INFO 13128 --- [server] [restartedMain] org.hibernate.orm.connections.pooling    : HHH10001005: Database info:
	Database JDBC URL [Connecting through datasource 'HikariDataSource (HikariPool-1)']
	Database driver: undefined/unknown
	Database version: 17.4
	Autocommit mode: undefined/unknown
	Isolation level: undefined/unknown
	Minimum pool size: undefined/unknown
	Maximum pool size: undefined/unknown
2025-05-13T11:21:59.258+05:00  INFO 13128 --- [server] [restartedMain] o.h.e.t.j.p.i.JtaPlatformInitiator       : HHH000489: No JTA platform available (set 'hibernate.transaction.jta.platform' to enable JTA platform integration)
2025-05-13T11:22:00.468+05:00  INFO 13128 --- [server] [restartedMain] j.LocalContainerEntityManagerFactoryBean : Initialized JPA EntityManagerFactory for persistence unit 'default'
2025-05-13T11:22:01.240+05:00  INFO 13128 --- [server] [restartedMain] o.s.d.j.r.query.QueryEnhancerFactory     : Hibernate is in classpath; If applicable, HQL parser will be used.
2025-05-13T11:22:03.164+05:00  WARN 13128 --- [server] [restartedMain] .s.s.UserDetailsServiceAutoConfiguration : 

Using generated security password: 2ddf54a6-8d14-4025-9ea8-570c07aa0242

This generated password is for development use only. Your security configuration must be updated before running your application in production.

2025-05-13T11:22:03.181+05:00  INFO 13128 --- [server] [restartedMain] r$InitializeUserDetailsManagerConfigurer : Global AuthenticationManager configured with UserDetailsService bean with name inMemoryUserDetailsManager
2025-05-13T11:22:04.245+05:00  INFO 13128 --- [server] [restartedMain] o.s.b.d.a.OptionalLiveReloadServer       : LiveReload server is running on port 35729
2025-05-13T11:22:04.308+05:00  INFO 13128 --- [server] [restartedMain] o.s.b.w.embedded.tomcat.TomcatWebServer  : Tomcat started on port 8080 (http) with context path '/'
2025-05-13T11:22:04.324+05:00  INFO 13128 --- [server] [restartedMain] com.vibeverse.server.ServerApplication   : Started ServerApplication in 19.114 seconds (process running for 22.249)
2025-05-13T11:23:04.869+05:00  INFO 13128 --- [server] [http-nio-8080-exec-1] o.a.c.c.C.[Tomcat].[localhost].[/]       : Initializing Spring DispatcherServlet 'dispatcherServlet'
2025-05-13T11:23:04.871+05:00  INFO 13128 --- [server] [http-nio-8080-exec-1] o.s.web.servlet.DispatcherServlet        : Initializing Servlet 'dispatcherServlet'
2025-05-13T11:23:04.872+05:00  INFO 13128 --- [server] [http-nio-8080-exec-1] o.s.web.servlet.DispatcherServlet        : Completed initialization in 0 ms
2025-05-13T11:23:36.366+05:00  INFO 13128 --- [server] [SpringApplicationShutdownHook] o.s.b.w.e.tomcat.GracefulShutdown        : Commencing graceful shutdown. Waiting for active requests to complete
2025-05-13T11:23:36.386+05:00  INFO 13128 --- [server] [tomcat-shutdown] o.s.b.w.e.tomcat.GracefulShutdown        : Graceful shutdown complete
2025-05-13T11:23:36.403+05:00  INFO 13128 --- [server] [SpringApplicationShutdownHook] j.LocalContainerEntityManagerFactoryBean : Closing JPA EntityManagerFactory for persistence unit 'default'
2025-05-13T11:23:36.415+05:00  INFO 13128 --- [server] [SpringApplicationShutdownHook] com.zaxxer.hikari.HikariDataSource       : HikariPool-1 - Shutdown initiated...
2025-05-13T11:23:36.423+05:00  INFO 13128 --- [server] [SpringApplicationShutdownHook] com.zaxxer.hikari.HikariDataSource       : HikariPool-1 - Shutdown completed.
2025-05-13T11:23:51.451+05:00  INFO 7424 --- [server] [restartedMain] com.vibeverse.server.ServerApplication   : Starting ServerApplication using Java 23.0.2 with PID 7424 (D:\VibeVerse\server\target\classes started by H P in D:\VibeVerse)
2025-05-13T11:23:51.453+05:00  INFO 7424 --- [server] [restartedMain] com.vibeverse.server.ServerApplication   : No active profile set, falling back to 1 default profile: "default"
2025-05-13T11:23:51.595+05:00  INFO 7424 --- [server] [restartedMain] .e.DevToolsPropertyDefaultsPostProcessor : Devtools property defaults active! Set 'spring.devtools.add-properties' to 'false' to disable
2025-05-13T11:23:51.595+05:00  INFO 7424 --- [server] [restartedMain] .e.DevToolsPropertyDefaultsPostProcessor : For additional web related logging consider setting the 'logging.level.web' property to 'DEBUG'
2025-05-13T11:23:53.725+05:00  INFO 7424 --- [server] [restartedMain] .s.d.r.c.RepositoryConfigurationDelegate : Bootstrapping Spring Data JPA repositories in DEFAULT mode.
2025-05-13T11:23:54.056+05:00  INFO 7424 --- [server] [restartedMain] .s.d.r.c.RepositoryConfigurationDelegate : Finished Spring Data repository scanning in 301 ms. Found 7 JPA repository interfaces.
2025-05-13T11:23:56.144+05:00  INFO 7424 --- [server] [restartedMain] o.s.b.w.embedded.tomcat.TomcatWebServer  : Tomcat initialized with port 8080 (http)
2025-05-13T11:23:56.170+05:00  INFO 7424 --- [server] [restartedMain] o.apache.catalina.core.StandardService   : Starting service [Tomcat]
2025-05-13T11:23:56.170+05:00  INFO 7424 --- [server] [restartedMain] o.apache.catalina.core.StandardEngine    : Starting Servlet engine: [Apache Tomcat/10.1.40]
2025-05-13T11:23:56.321+05:00  INFO 7424 --- [server] [restartedMain] o.a.c.c.C.[Tomcat].[localhost].[/]       : Initializing Spring embedded WebApplicationContext
2025-05-13T11:23:56.323+05:00  INFO 7424 --- [server] [restartedMain] w.s.c.ServletWebServerApplicationContext : Root WebApplicationContext: initialization completed in 4727 ms
2025-05-13T11:23:56.981+05:00  INFO 7424 --- [server] [restartedMain] o.hibernate.jpa.internal.util.LogHelper  : HHH000204: Processing PersistenceUnitInfo [name: default]
2025-05-13T11:23:57.233+05:00  INFO 7424 --- [server] [restartedMain] org.hibernate.Version                    : HHH000412: Hibernate ORM core version 6.6.13.Final
2025-05-13T11:23:57.361+05:00  INFO 7424 --- [server] [restartedMain] o.h.c.internal.RegionFactoryInitiator    : HHH000026: Second-level cache disabled
2025-05-13T11:23:58.489+05:00  INFO 7424 --- [server] [restartedMain] o.s.o.j.p.SpringPersistenceUnitInfo      : No LoadTimeWeaver setup: ignoring JPA class transformer
2025-05-13T11:23:58.587+05:00  INFO 7424 --- [server] [restartedMain] com.zaxxer.hikari.HikariDataSource       : HikariPool-1 - Starting...
2025-05-13T11:23:59.417+05:00  INFO 7424 --- [server] [restartedMain] com.zaxxer.hikari.pool.HikariPool        : HikariPool-1 - Added connection org.postgresql.jdbc.PgConnection@58428292
2025-05-13T11:23:59.421+05:00  INFO 7424 --- [server] [restartedMain] com.zaxxer.hikari.HikariDataSource       : HikariPool-1 - Start completed.
2025-05-13T11:23:59.595+05:00  INFO 7424 --- [server] [restartedMain] org.hibernate.orm.connections.pooling    : HHH10001005: Database info:
	Database JDBC URL [Connecting through datasource 'HikariDataSource (HikariPool-1)']
	Database driver: undefined/unknown
	Database version: 17.4
	Autocommit mode: undefined/unknown
	Isolation level: undefined/unknown
	Minimum pool size: undefined/unknown
	Maximum pool size: undefined/unknown
2025-05-13T11:24:04.658+05:00  INFO 7424 --- [server] [restartedMain] o.h.e.t.j.p.i.JtaPlatformInitiator       : HHH000489: No JTA platform available (set 'hibernate.transaction.jta.platform' to enable JTA platform integration)
2025-05-13T11:24:06.565+05:00  INFO 7424 --- [server] [restartedMain] j.LocalContainerEntityManagerFactoryBean : Initialized JPA EntityManagerFactory for persistence unit 'default'
2025-05-13T11:24:08.263+05:00  INFO 7424 --- [server] [restartedMain] o.s.d.j.r.query.QueryEnhancerFactory     : Hibernate is in classpath; If applicable, HQL parser will be used.
2025-05-13T11:24:13.333+05:00  WARN 7424 --- [server] [restartedMain] .s.s.UserDetailsServiceAutoConfiguration : 

Using generated security password: 3e924452-d6e3-4759-ac52-1584ebd184eb

This generated password is for development use only. Your security configuration must be updated before running your application in production.

2025-05-13T11:24:13.360+05:00  INFO 7424 --- [server] [restartedMain] r$InitializeUserDetailsManagerConfigurer : Global AuthenticationManager configured with UserDetailsService bean with name inMemoryUserDetailsManager
2025-05-13T11:24:14.704+05:00  INFO 7424 --- [server] [restartedMain] o.s.b.d.a.OptionalLiveReloadServer       : LiveReload server is running on port 35729
2025-05-13T11:24:14.773+05:00  INFO 7424 --- [server] [restartedMain] o.s.b.w.embedded.tomcat.TomcatWebServer  : Tomcat started on port 8080 (http) with context path '/'
2025-05-13T11:24:14.809+05:00  INFO 7424 --- [server] [restartedMain] com.vibeverse.server.ServerApplication   : Started ServerApplication in 24.377 seconds (process running for 27.489)
2025-05-13T11:27:40.920+05:00  INFO 7424 --- [server] [http-nio-8080-exec-1] o.a.c.c.C.[Tomcat].[localhost].[/]       : Initializing Spring DispatcherServlet 'dispatcherServlet'
2025-05-13T11:27:40.928+05:00  INFO 7424 --- [server] [http-nio-8080-exec-1] o.s.web.servlet.DispatcherServlet        : Initializing Servlet 'dispatcherServlet'
2025-05-13T11:27:40.933+05:00  INFO 7424 --- [server] [http-nio-8080-exec-1] o.s.web.servlet.DispatcherServlet        : Completed initialization in 4 ms
2025-05-13T11:27:41.723+05:00  WARN 7424 --- [server] [http-nio-8080-exec-2] .m.m.a.ExceptionHandlerExceptionResolver : Resolved [java.lang.IllegalArgumentException: Email already registered]
2025-05-13T11:28:33.508+05:00  WARN 7424 --- [server] [http-nio-8080-exec-9] .m.m.a.ExceptionHandlerExceptionResolver : Resolved [java.lang.IllegalArgumentException: Username already exists]
2025-05-13T11:46:35.449+05:00  WARN 7424 --- [server] [http-nio-8080-exec-10] .m.m.a.ExceptionHandlerExceptionResolver : Resolved [com.vibeverse.server.exception.ResourceNotFoundException: Viber not found with username: {{username}}]
2025-05-13T13:33:54.012+05:00  INFO 7424 --- [server] [SpringApplicationShutdownHook] o.s.b.w.e.tomcat.GracefulShutdown        : Commencing graceful shutdown. Waiting for active requests to complete
2025-05-13T13:33:54.057+05:00  INFO 7424 --- [server] [tomcat-shutdown] o.s.b.w.e.tomcat.GracefulShutdown        : Graceful shutdown complete
2025-05-13T13:33:54.105+05:00  INFO 7424 --- [server] [SpringApplicationShutdownHook] j.LocalContainerEntityManagerFactoryBean : Closing JPA EntityManagerFactory for persistence unit 'default'
2025-05-13T13:33:54.221+05:00  INFO 7424 --- [server] [SpringApplicationShutdownHook] com.zaxxer.hikari.HikariDataSource       : HikariPool-1 - Shutdown initiated...
2025-05-13T13:33:54.340+05:00  INFO 7424 --- [server] [SpringApplicationShutdownHook] com.zaxxer.hikari.HikariDataSource       : HikariPool-1 - Shutdown completed.
2025-05-13T13:34:00.135+05:00  INFO 16096 --- [server] [restartedMain] com.vibeverse.server.ServerApplication   : Starting ServerApplication using Java 23.0.2 with PID 16096 (D:\VibeVerse\server\target\classes started by H P in D:\VibeVerse)
2025-05-13T13:34:00.141+05:00  INFO 16096 --- [server] [restartedMain] com.vibeverse.server.ServerApplication   : No active profile set, falling back to 1 default profile: "default"
2025-05-13T13:34:00.305+05:00  INFO 16096 --- [server] [restartedMain] .e.DevToolsPropertyDefaultsPostProcessor : Devtools property defaults active! Set 'spring.devtools.add-properties' to 'false' to disable
2025-05-13T13:34:00.306+05:00  INFO 16096 --- [server] [restartedMain] .e.DevToolsPropertyDefaultsPostProcessor : For additional web related logging consider setting the 'logging.level.web' property to 'DEBUG'
2025-05-13T13:34:02.224+05:00  INFO 16096 --- [server] [restartedMain] .s.d.r.c.RepositoryConfigurationDelegate : Bootstrapping Spring Data JPA repositories in DEFAULT mode.
2025-05-13T13:34:02.426+05:00  INFO 16096 --- [server] [restartedMain] .s.d.r.c.RepositoryConfigurationDelegate : Finished Spring Data repository scanning in 173 ms. Found 7 JPA repository interfaces.
2025-05-13T13:34:04.393+05:00  INFO 16096 --- [server] [restartedMain] o.s.b.w.embedded.tomcat.TomcatWebServer  : Tomcat initialized with port 8080 (http)
2025-05-13T13:34:04.425+05:00  INFO 16096 --- [server] [restartedMain] o.apache.catalina.core.StandardService   : Starting service [Tomcat]
2025-05-13T13:34:04.426+05:00  INFO 16096 --- [server] [restartedMain] o.apache.catalina.core.StandardEngine    : Starting Servlet engine: [Apache Tomcat/10.1.40]
2025-05-13T13:34:04.530+05:00  INFO 16096 --- [server] [restartedMain] o.a.c.c.C.[Tomcat].[localhost].[/]       : Initializing Spring embedded WebApplicationContext
2025-05-13T13:34:04.530+05:00  INFO 16096 --- [server] [restartedMain] w.s.c.ServletWebServerApplicationContext : Root WebApplicationContext: initialization completed in 4223 ms
2025-05-13T13:34:04.839+05:00  INFO 16096 --- [server] [restartedMain] o.hibernate.jpa.internal.util.LogHelper  : HHH000204: Processing PersistenceUnitInfo [name: default]
2025-05-13T13:34:04.948+05:00  INFO 16096 --- [server] [restartedMain] org.hibernate.Version                    : HHH000412: Hibernate ORM core version 6.6.13.Final
2025-05-13T13:34:05.010+05:00  INFO 16096 --- [server] [restartedMain] o.h.c.internal.RegionFactoryInitiator    : HHH000026: Second-level cache disabled
2025-05-13T13:34:05.679+05:00  INFO 16096 --- [server] [restartedMain] o.s.o.j.p.SpringPersistenceUnitInfo      : No LoadTimeWeaver setup: ignoring JPA class transformer
2025-05-13T13:34:05.781+05:00  INFO 16096 --- [server] [restartedMain] com.zaxxer.hikari.HikariDataSource       : HikariPool-1 - Starting...
2025-05-13T13:34:06.271+05:00  INFO 16096 --- [server] [restartedMain] com.zaxxer.hikari.pool.HikariPool        : HikariPool-1 - Added connection org.postgresql.jdbc.PgConnection@4dcec07a
2025-05-13T13:34:06.276+05:00  INFO 16096 --- [server] [restartedMain] com.zaxxer.hikari.HikariDataSource       : HikariPool-1 - Start completed.
2025-05-13T13:34:06.429+05:00  INFO 16096 --- [server] [restartedMain] org.hibernate.orm.connections.pooling    : HHH10001005: Database info:
	Database JDBC URL [Connecting through datasource 'HikariDataSource (HikariPool-1)']
	Database driver: undefined/unknown
	Database version: 17.4
	Autocommit mode: undefined/unknown
	Isolation level: undefined/unknown
	Minimum pool size: undefined/unknown
	Maximum pool size: undefined/unknown
2025-05-13T13:34:10.334+05:00  INFO 16096 --- [server] [restartedMain] o.h.e.t.j.p.i.JtaPlatformInitiator       : HHH000489: No JTA platform available (set 'hibernate.transaction.jta.platform' to enable JTA platform integration)
2025-05-13T13:34:11.979+05:00  INFO 16096 --- [server] [restartedMain] j.LocalContainerEntityManagerFactoryBean : Initialized JPA EntityManagerFactory for persistence unit 'default'
2025-05-13T13:34:13.525+05:00  INFO 16096 --- [server] [restartedMain] o.s.d.j.r.query.QueryEnhancerFactory     : Hibernate is in classpath; If applicable, HQL parser will be used.
2025-05-13T13:34:17.277+05:00  WARN 16096 --- [server] [restartedMain] .s.s.UserDetailsServiceAutoConfiguration : 

Using generated security password: 300b11a7-4c08-4682-9d22-2b8177183d58

This generated password is for development use only. Your security configuration must be updated before running your application in production.

2025-05-13T13:34:17.293+05:00  INFO 16096 --- [server] [restartedMain] r$InitializeUserDetailsManagerConfigurer : Global AuthenticationManager configured with UserDetailsService bean with name inMemoryUserDetailsManager
2025-05-13T13:34:18.992+05:00  INFO 16096 --- [server] [restartedMain] o.s.b.d.a.OptionalLiveReloadServer       : LiveReload server is running on port 35729
2025-05-13T13:34:19.075+05:00  INFO 16096 --- [server] [restartedMain] o.s.b.w.embedded.tomcat.TomcatWebServer  : Tomcat started on port 8080 (http) with context path '/'
2025-05-13T13:34:19.094+05:00  INFO 16096 --- [server] [restartedMain] com.vibeverse.server.ServerApplication   : Started ServerApplication in 19.863 seconds (process running for 21.588)
2025-05-13T13:36:30.353+05:00  INFO 16096 --- [server] [http-nio-8080-exec-1] o.a.c.c.C.[Tomcat].[localhost].[/]       : Initializing Spring DispatcherServlet 'dispatcherServlet'
2025-05-13T13:36:30.353+05:00  INFO 16096 --- [server] [http-nio-8080-exec-1] o.s.web.servlet.DispatcherServlet        : Initializing Servlet 'dispatcherServlet'
2025-05-13T13:36:30.362+05:00  INFO 16096 --- [server] [http-nio-8080-exec-1] o.s.web.servlet.DispatcherServlet        : Completed initialization in 3 ms
2025-05-13T13:36:31.101+05:00  WARN 16096 --- [server] [http-nio-8080-exec-1] .m.m.a.ExceptionHandlerExceptionResolver : Resolved [com.vibeverse.server.exception.ResourceNotFoundException: Viber not found with username: libero31]
2025-05-13T14:00:56.056+05:00  WARN 16096 --- [server] [HikariPool-1 housekeeper] com.zaxxer.hikari.pool.HikariPool        : HikariPool-1 - Thread starvation or clock leap detected (housekeeper delta=17m49s557ms799µs200ns).
2025-05-13T14:12:31.134+05:00  INFO 16096 --- [server] [File Watcher] rtingClassPathChangeChangedEventListener : Restarting due to 1 class path change (0 additions, 1 deletion, 0 modifications)
2025-05-13T14:12:31.140+05:00  INFO 16096 --- [server] [Thread-5] o.s.b.w.e.tomcat.GracefulShutdown        : Commencing graceful shutdown. Waiting for active requests to complete
2025-05-13T14:12:31.148+05:00  INFO 16096 --- [server] [tomcat-shutdown] o.s.b.w.e.tomcat.GracefulShutdown        : Graceful shutdown complete
2025-05-13T14:12:31.155+05:00  INFO 16096 --- [server] [Thread-5] j.LocalContainerEntityManagerFactoryBean : Closing JPA EntityManagerFactory for persistence unit 'default'
2025-05-13T14:12:31.161+05:00  INFO 16096 --- [server] [Thread-5] com.zaxxer.hikari.HikariDataSource       : HikariPool-1 - Shutdown initiated...
2025-05-13T14:12:31.168+05:00  INFO 16096 --- [server] [Thread-5] com.zaxxer.hikari.HikariDataSource       : HikariPool-1 - Shutdown completed.
2025-05-13T14:12:31.315+05:00  INFO 16096 --- [server] [restartedMain] com.vibeverse.server.ServerApplication   : Starting ServerApplication using Java 23.0.2 with PID 16096 (D:\VibeVerse\server\target\classes started by H P in D:\VibeVerse)
2025-05-13T14:12:31.316+05:00  INFO 16096 --- [server] [restartedMain] com.vibeverse.server.ServerApplication   : No active profile set, falling back to 1 default profile: "default"
2025-05-13T14:12:31.730+05:00  INFO 16096 --- [server] [restartedMain] .s.d.r.c.RepositoryConfigurationDelegate : Bootstrapping Spring Data JPA repositories in DEFAULT mode.
2025-05-13T14:12:31.766+05:00  INFO 16096 --- [server] [restartedMain] .s.d.r.c.RepositoryConfigurationDelegate : Finished Spring Data repository scanning in 33 ms. Found 7 JPA repository interfaces.
2025-05-13T14:12:31.997+05:00  INFO 16096 --- [server] [restartedMain] o.s.b.w.embedded.tomcat.TomcatWebServer  : Tomcat initialized with port 8080 (http)
2025-05-13T14:12:32.001+05:00  INFO 16096 --- [server] [restartedMain] o.apache.catalina.core.StandardService   : Starting service [Tomcat]
2025-05-13T14:12:32.001+05:00  INFO 16096 --- [server] [restartedMain] o.apache.catalina.core.StandardEngine    : Starting Servlet engine: [Apache Tomcat/10.1.40]
2025-05-13T14:12:32.037+05:00  INFO 16096 --- [server] [restartedMain] o.a.c.c.C.[Tomcat].[localhost].[/]       : Initializing Spring embedded WebApplicationContext
2025-05-13T14:12:32.038+05:00  INFO 16096 --- [server] [restartedMain] w.s.c.ServletWebServerApplicationContext : Root WebApplicationContext: initialization completed in 720 ms
2025-05-13T14:12:32.116+05:00  INFO 16096 --- [server] [restartedMain] o.hibernate.jpa.internal.util.LogHelper  : HHH000204: Processing PersistenceUnitInfo [name: default]
2025-05-13T14:12:32.120+05:00  INFO 16096 --- [server] [restartedMain] o.h.c.internal.RegionFactoryInitiator    : HHH000026: Second-level cache disabled
2025-05-13T14:12:32.139+05:00  INFO 16096 --- [server] [restartedMain] o.s.o.j.p.SpringPersistenceUnitInfo      : No LoadTimeWeaver setup: ignoring JPA class transformer
2025-05-13T14:12:32.141+05:00  INFO 16096 --- [server] [restartedMain] com.zaxxer.hikari.HikariDataSource       : HikariPool-2 - Starting...
2025-05-13T14:12:32.373+05:00  INFO 16096 --- [server] [restartedMain] com.zaxxer.hikari.pool.HikariPool        : HikariPool-2 - Added connection org.postgresql.jdbc.PgConnection@7e14ecc3
2025-05-13T14:12:32.374+05:00  INFO 16096 --- [server] [restartedMain] com.zaxxer.hikari.HikariDataSource       : HikariPool-2 - Start completed.
2025-05-13T14:12:32.391+05:00  INFO 16096 --- [server] [restartedMain] org.hibernate.orm.connections.pooling    : HHH10001005: Database info:
	Database JDBC URL [Connecting through datasource 'HikariDataSource (HikariPool-2)']
	Database driver: undefined/unknown
	Database version: 17.4
	Autocommit mode: undefined/unknown
	Isolation level: undefined/unknown
	Minimum pool size: undefined/unknown
	Maximum pool size: undefined/unknown
2025-05-13T14:12:32.842+05:00  INFO 16096 --- [server] [restartedMain] o.h.e.t.j.p.i.JtaPlatformInitiator       : HHH000489: No JTA platform available (set 'hibernate.transaction.jta.platform' to enable JTA platform integration)
2025-05-13T14:12:33.883+05:00  INFO 16096 --- [server] [restartedMain] j.LocalContainerEntityManagerFactoryBean : Initialized JPA EntityManagerFactory for persistence unit 'default'
2025-05-13T14:12:34.265+05:00  WARN 16096 --- [server] [restartedMain] ConfigServletWebServerApplicationContext : Exception encountered during context initialization - cancelling refresh attempt: org.springframework.beans.factory.UnsatisfiedDependencyException: Error creating bean with name 'viberController' defined in file [D:\VibeVerse\server\target\classes\com\vibeverse\server\controller\ViberController.class]: Unsatisfied dependency expressed through constructor parameter 0: Error creating bean with name 'viberService' defined in file [D:\VibeVerse\server\target\classes\com\vibeverse\server\service\ViberService.class]: Unsatisfied dependency expressed through constructor parameter 2: No qualifying bean of type 'org.springframework.security.crypto.password.PasswordEncoder' available: expected at least 1 bean which qualifies as autowire candidate. Dependency annotations: {}
2025-05-13T14:12:34.265+05:00  INFO 16096 --- [server] [restartedMain] j.LocalContainerEntityManagerFactoryBean : Closing JPA EntityManagerFactory for persistence unit 'default'
2025-05-13T14:12:34.267+05:00  INFO 16096 --- [server] [restartedMain] com.zaxxer.hikari.HikariDataSource       : HikariPool-2 - Shutdown initiated...
2025-05-13T14:12:34.438+05:00  INFO 16096 --- [server] [restartedMain] com.zaxxer.hikari.HikariDataSource       : HikariPool-2 - Shutdown completed.
2025-05-13T14:12:34.440+05:00  INFO 16096 --- [server] [restartedMain] o.apache.catalina.core.StandardService   : Stopping service [Tomcat]
2025-05-13T14:12:34.454+05:00  INFO 16096 --- [server] [restartedMain] .s.b.a.l.ConditionEvaluationReportLogger : 

Error starting ApplicationContext. To display the condition evaluation report re-run your application with 'debug' enabled.
2025-05-13T14:12:34.534+05:00 ERROR 16096 --- [server] [restartedMain] o.s.b.d.LoggingFailureAnalysisReporter   : 

***************************
APPLICATION FAILED TO START
***************************

Description:

Parameter 2 of constructor in com.vibeverse.server.service.ViberService required a bean of type 'org.springframework.security.crypto.password.PasswordEncoder' that could not be found.


Action:

Consider defining a bean of type 'org.springframework.security.crypto.password.PasswordEncoder' in your configuration.

2025-05-13T14:12:51.650+05:00  INFO 8840 --- [server] [restartedMain] com.vibeverse.server.ServerApplication   : Starting ServerApplication using Java 23.0.2 with PID 8840 (D:\VibeVerse\server\target\classes started by H P in D:\VibeVerse)
2025-05-13T14:12:51.658+05:00  INFO 8840 --- [server] [restartedMain] com.vibeverse.server.ServerApplication   : No active profile set, falling back to 1 default profile: "default"
2025-05-13T14:12:51.861+05:00  INFO 8840 --- [server] [restartedMain] .e.DevToolsPropertyDefaultsPostProcessor : Devtools property defaults active! Set 'spring.devtools.add-properties' to 'false' to disable
2025-05-13T14:12:51.861+05:00  INFO 8840 --- [server] [restartedMain] .e.DevToolsPropertyDefaultsPostProcessor : For additional web related logging consider setting the 'logging.level.web' property to 'DEBUG'
2025-05-13T14:12:53.706+05:00  INFO 8840 --- [server] [restartedMain] .s.d.r.c.RepositoryConfigurationDelegate : Bootstrapping Spring Data JPA repositories in DEFAULT mode.
2025-05-13T14:12:53.881+05:00  INFO 8840 --- [server] [restartedMain] .s.d.r.c.RepositoryConfigurationDelegate : Finished Spring Data repository scanning in 140 ms. Found 7 JPA repository interfaces.
2025-05-13T14:12:56.475+05:00  INFO 8840 --- [server] [restartedMain] o.s.b.w.embedded.tomcat.TomcatWebServer  : Tomcat initialized with port 8080 (http)
2025-05-13T14:12:56.509+05:00  INFO 8840 --- [server] [restartedMain] o.apache.catalina.core.StandardService   : Starting service [Tomcat]
2025-05-13T14:12:56.509+05:00  INFO 8840 --- [server] [restartedMain] o.apache.catalina.core.StandardEngine    : Starting Servlet engine: [Apache Tomcat/10.1.40]
2025-05-13T14:12:56.638+05:00  INFO 8840 --- [server] [restartedMain] o.a.c.c.C.[Tomcat].[localhost].[/]       : Initializing Spring embedded WebApplicationContext
2025-05-13T14:12:56.643+05:00  INFO 8840 --- [server] [restartedMain] w.s.c.ServletWebServerApplicationContext : Root WebApplicationContext: initialization completed in 4780 ms
2025-05-13T14:12:57.157+05:00  INFO 8840 --- [server] [restartedMain] o.hibernate.jpa.internal.util.LogHelper  : HHH000204: Processing PersistenceUnitInfo [name: default]
2025-05-13T14:12:57.309+05:00  INFO 8840 --- [server] [restartedMain] org.hibernate.Version                    : HHH000412: Hibernate ORM core version 6.6.13.Final
2025-05-13T14:12:57.379+05:00  INFO 8840 --- [server] [restartedMain] o.h.c.internal.RegionFactoryInitiator    : HHH000026: Second-level cache disabled
2025-05-13T14:12:58.066+05:00  INFO 8840 --- [server] [restartedMain] o.s.o.j.p.SpringPersistenceUnitInfo      : No LoadTimeWeaver setup: ignoring JPA class transformer
2025-05-13T14:12:58.163+05:00  INFO 8840 --- [server] [restartedMain] com.zaxxer.hikari.HikariDataSource       : HikariPool-1 - Starting...
2025-05-13T14:12:58.660+05:00  INFO 8840 --- [server] [restartedMain] com.zaxxer.hikari.pool.HikariPool        : HikariPool-1 - Added connection org.postgresql.jdbc.PgConnection@4ab7cb95
2025-05-13T14:12:58.669+05:00  INFO 8840 --- [server] [restartedMain] com.zaxxer.hikari.HikariDataSource       : HikariPool-1 - Start completed.
2025-05-13T14:12:58.910+05:00  INFO 8840 --- [server] [restartedMain] org.hibernate.orm.connections.pooling    : HHH10001005: Database info:
	Database JDBC URL [Connecting through datasource 'HikariDataSource (HikariPool-1)']
	Database driver: undefined/unknown
	Database version: 17.4
	Autocommit mode: undefined/unknown
	Isolation level: undefined/unknown
	Minimum pool size: undefined/unknown
	Maximum pool size: undefined/unknown
2025-05-13T14:13:03.253+05:00  INFO 8840 --- [server] [restartedMain] o.h.e.t.j.p.i.JtaPlatformInitiator       : HHH000489: No JTA platform available (set 'hibernate.transaction.jta.platform' to enable JTA platform integration)
2025-05-13T14:13:03.845+05:00  INFO 8840 --- [server] [restartedMain] j.LocalContainerEntityManagerFactoryBean : Initialized JPA EntityManagerFactory for persistence unit 'default'
2025-05-13T14:13:04.563+05:00  INFO 8840 --- [server] [restartedMain] o.s.d.j.r.query.QueryEnhancerFactory     : Hibernate is in classpath; If applicable, HQL parser will be used.
2025-05-13T14:13:06.233+05:00  WARN 8840 --- [server] [restartedMain] .s.s.UserDetailsServiceAutoConfiguration : 

Using generated security password: 65c845ca-4bdf-4988-b28a-56e404148a1c

This generated password is for development use only. Your security configuration must be updated before running your application in production.

2025-05-13T14:13:06.246+05:00  INFO 8840 --- [server] [restartedMain] r$InitializeUserDetailsManagerConfigurer : Global AuthenticationManager configured with UserDetailsService bean with name inMemoryUserDetailsManager
2025-05-13T14:13:07.082+05:00  INFO 8840 --- [server] [restartedMain] o.s.b.d.a.OptionalLiveReloadServer       : LiveReload server is running on port 35729
2025-05-13T14:13:07.164+05:00  INFO 8840 --- [server] [restartedMain] o.s.b.w.embedded.tomcat.TomcatWebServer  : Tomcat started on port 8080 (http) with context path '/'
2025-05-13T14:13:07.178+05:00  INFO 8840 --- [server] [restartedMain] com.vibeverse.server.ServerApplication   : Started ServerApplication in 17.257 seconds (process running for 19.0)
2025-05-13T14:14:45.755+05:00  INFO 8840 --- [server] [http-nio-8080-exec-1] o.a.c.c.C.[Tomcat].[localhost].[/]       : Initializing Spring DispatcherServlet 'dispatcherServlet'
2025-05-13T14:14:45.761+05:00  INFO 8840 --- [server] [http-nio-8080-exec-1] o.s.web.servlet.DispatcherServlet        : Initializing Servlet 'dispatcherServlet'
2025-05-13T14:14:45.763+05:00  INFO 8840 --- [server] [http-nio-8080-exec-1] o.s.web.servlet.DispatcherServlet        : Completed initialization in 1 ms
2025-05-13T14:14:51.197+05:00  INFO 8840 --- [server] [SpringApplicationShutdownHook] o.s.b.w.e.tomcat.GracefulShutdown        : Commencing graceful shutdown. Waiting for active requests to complete
2025-05-13T14:14:51.207+05:00  INFO 8840 --- [server] [tomcat-shutdown] o.s.b.w.e.tomcat.GracefulShutdown        : Graceful shutdown complete
2025-05-13T14:14:51.217+05:00  INFO 8840 --- [server] [SpringApplicationShutdownHook] j.LocalContainerEntityManagerFactoryBean : Closing JPA EntityManagerFactory for persistence unit 'default'
2025-05-13T14:14:51.222+05:00  INFO 8840 --- [server] [SpringApplicationShutdownHook] com.zaxxer.hikari.HikariDataSource       : HikariPool-1 - Shutdown initiated...
2025-05-13T14:14:51.239+05:00  INFO 8840 --- [server] [SpringApplicationShutdownHook] com.zaxxer.hikari.HikariDataSource       : HikariPool-1 - Shutdown completed.
2025-05-13T14:14:59.250+05:00  INFO 16036 --- [server] [restartedMain] com.vibeverse.server.ServerApplication   : Starting ServerApplication using Java 23.0.2 with PID 16036 (D:\VibeVerse\server\target\classes started by H P in D:\VibeVerse)
2025-05-13T14:14:59.320+05:00  INFO 16036 --- [server] [restartedMain] com.vibeverse.server.ServerApplication   : No active profile set, falling back to 1 default profile: "default"
2025-05-13T14:14:59.679+05:00  INFO 16036 --- [server] [restartedMain] .e.DevToolsPropertyDefaultsPostProcessor : Devtools property defaults active! Set 'spring.devtools.add-properties' to 'false' to disable
2025-05-13T14:14:59.679+05:00  INFO 16036 --- [server] [restartedMain] .e.DevToolsPropertyDefaultsPostProcessor : For additional web related logging consider setting the 'logging.level.web' property to 'DEBUG'
2025-05-13T14:15:01.447+05:00  INFO 16036 --- [server] [restartedMain] .s.d.r.c.RepositoryConfigurationDelegate : Bootstrapping Spring Data JPA repositories in DEFAULT mode.
2025-05-13T14:15:01.606+05:00  INFO 16036 --- [server] [restartedMain] .s.d.r.c.RepositoryConfigurationDelegate : Finished Spring Data repository scanning in 142 ms. Found 7 JPA repository interfaces.
2025-05-13T14:15:02.674+05:00  INFO 16036 --- [server] [restartedMain] o.s.b.w.embedded.tomcat.TomcatWebServer  : Tomcat initialized with port 8080 (http)
2025-05-13T14:15:02.692+05:00  INFO 16036 --- [server] [restartedMain] o.apache.catalina.core.StandardService   : Starting service [Tomcat]
2025-05-13T14:15:02.692+05:00  INFO 16036 --- [server] [restartedMain] o.apache.catalina.core.StandardEngine    : Starting Servlet engine: [Apache Tomcat/10.1.40]
2025-05-13T14:15:02.753+05:00  INFO 16036 --- [server] [restartedMain] o.a.c.c.C.[Tomcat].[localhost].[/]       : Initializing Spring embedded WebApplicationContext
2025-05-13T14:15:02.753+05:00  INFO 16036 --- [server] [restartedMain] w.s.c.ServletWebServerApplicationContext : Root WebApplicationContext: initialization completed in 3071 ms
2025-05-13T14:15:03.011+05:00  INFO 16036 --- [server] [restartedMain] o.hibernate.jpa.internal.util.LogHelper  : HHH000204: Processing PersistenceUnitInfo [name: default]
2025-05-13T14:15:03.088+05:00  INFO 16036 --- [server] [restartedMain] org.hibernate.Version                    : HHH000412: Hibernate ORM core version 6.6.13.Final
2025-05-13T14:15:03.145+05:00  INFO 16036 --- [server] [restartedMain] o.h.c.internal.RegionFactoryInitiator    : HHH000026: Second-level cache disabled
2025-05-13T14:15:03.552+05:00  INFO 16036 --- [server] [restartedMain] o.s.o.j.p.SpringPersistenceUnitInfo      : No LoadTimeWeaver setup: ignoring JPA class transformer
2025-05-13T14:15:03.591+05:00  INFO 16036 --- [server] [restartedMain] com.zaxxer.hikari.HikariDataSource       : HikariPool-1 - Starting...
2025-05-13T14:15:03.851+05:00  INFO 16036 --- [server] [restartedMain] com.zaxxer.hikari.pool.HikariPool        : HikariPool-1 - Added connection org.postgresql.jdbc.PgConnection@1c490083
2025-05-13T14:15:03.854+05:00  INFO 16036 --- [server] [restartedMain] com.zaxxer.hikari.HikariDataSource       : HikariPool-1 - Start completed.
2025-05-13T14:15:03.958+05:00  INFO 16036 --- [server] [restartedMain] org.hibernate.orm.connections.pooling    : HHH10001005: Database info:
	Database JDBC URL [Connecting through datasource 'HikariDataSource (HikariPool-1)']
	Database driver: undefined/unknown
	Database version: 17.4
	Autocommit mode: undefined/unknown
	Isolation level: undefined/unknown
	Minimum pool size: undefined/unknown
	Maximum pool size: undefined/unknown
2025-05-13T14:15:06.099+05:00  INFO 16036 --- [server] [restartedMain] o.h.e.t.j.p.i.JtaPlatformInitiator       : HHH000489: No JTA platform available (set 'hibernate.transaction.jta.platform' to enable JTA platform integration)
2025-05-13T14:15:06.849+05:00  INFO 16036 --- [server] [restartedMain] j.LocalContainerEntityManagerFactoryBean : Initialized JPA EntityManagerFactory for persistence unit 'default'
2025-05-13T14:15:07.456+05:00  INFO 16036 --- [server] [restartedMain] o.s.d.j.r.query.QueryEnhancerFactory     : Hibernate is in classpath; If applicable, HQL parser will be used.
2025-05-13T14:15:09.049+05:00  WARN 16036 --- [server] [restartedMain] .s.s.UserDetailsServiceAutoConfiguration : 

Using generated security password: 7366facd-d0f8-4ef7-a429-4ce4c94aedb1

This generated password is for development use only. Your security configuration must be updated before running your application in production.

2025-05-13T14:15:09.065+05:00  INFO 16036 --- [server] [restartedMain] r$InitializeUserDetailsManagerConfigurer : Global AuthenticationManager configured with UserDetailsService bean with name inMemoryUserDetailsManager
2025-05-13T14:15:09.896+05:00  INFO 16036 --- [server] [restartedMain] o.s.b.d.a.OptionalLiveReloadServer       : LiveReload server is running on port 35729
2025-05-13T14:15:09.951+05:00  INFO 16036 --- [server] [restartedMain] o.s.b.w.embedded.tomcat.TomcatWebServer  : Tomcat started on port 8080 (http) with context path '/'
2025-05-13T14:15:09.970+05:00  INFO 16036 --- [server] [restartedMain] com.vibeverse.server.ServerApplication   : Started ServerApplication in 11.788 seconds (process running for 13.432)
2025-05-13T14:15:46.964+05:00  INFO 16036 --- [server] [http-nio-8080-exec-1] o.a.c.c.C.[Tomcat].[localhost].[/]       : Initializing Spring DispatcherServlet 'dispatcherServlet'
2025-05-13T14:15:46.965+05:00  INFO 16036 --- [server] [http-nio-8080-exec-1] o.s.web.servlet.DispatcherServlet        : Initializing Servlet 'dispatcherServlet'
2025-05-13T14:15:46.970+05:00  INFO 16036 --- [server] [http-nio-8080-exec-1] o.s.web.servlet.DispatcherServlet        : Completed initialization in 4 ms
2025-05-13T15:14:48.388+05:00  WARN 16036 --- [server] [http-nio-8080-exec-4] .m.m.a.ExceptionHandlerExceptionResolver : Resolved [org.springframework.web.method.annotation.MethodArgumentTypeMismatchException: Method parameter 'id': Failed to convert value of type 'java.lang.String' to required type 'java.util.UUID'; Invalid UUID string: id]
2025-05-13T15:15:17.588+05:00  WARN 16036 --- [server] [http-nio-8080-exec-9] .m.m.a.ExceptionHandlerExceptionResolver : Resolved [org.springframework.web.method.annotation.MethodArgumentTypeMismatchException: Method parameter 'id': Failed to convert value of type 'java.lang.String' to required type 'java.util.UUID'; Invalid UUID string: {id}]
2025-05-13T15:16:00.961+05:00  WARN 16036 --- [server] [http-nio-8080-exec-10] .m.m.a.ExceptionHandlerExceptionResolver : Resolved [org.springframework.web.method.annotation.MethodArgumentTypeMismatchException: Method parameter 'id': Failed to convert value of type 'java.lang.String' to required type 'java.util.UUID'; Invalid UUID string: {{id}}]
2025-05-13T15:16:09.435+05:00  WARN 16036 --- [server] [http-nio-8080-exec-2] .m.m.a.ExceptionHandlerExceptionResolver : Resolved [org.springframework.web.method.annotation.MethodArgumentTypeMismatchException: Method parameter 'id': Failed to convert value of type 'java.lang.String' to required type 'java.util.UUID'; Invalid UUID string: {{id}}]
2025-05-13T15:16:58.320+05:00  WARN 16036 --- [server] [http-nio-8080-exec-4] .m.m.a.ExceptionHandlerExceptionResolver : Resolved [org.springframework.web.method.annotation.MethodArgumentTypeMismatchException: Method parameter 'id': Failed to convert value of type 'java.lang.String' to required type 'java.util.UUID'; Invalid UUID string: {id}]
2025-05-13T15:17:10.557+05:00  WARN 16036 --- [server] [http-nio-8080-exec-8] .m.m.a.ExceptionHandlerExceptionResolver : Resolved [com.vibeverse.server.exception.ResourceNotFoundException: Viber not found with username: $username]
2025-05-13T15:18:28.776+05:00  WARN 16036 --- [server] [http-nio-8080-exec-10] .m.m.a.ExceptionHandlerExceptionResolver : Resolved [org.springframework.web.method.annotation.MethodArgumentTypeMismatchException: Method parameter 'id': Failed to convert value of type 'java.lang.String' to required type 'java.util.UUID'; Invalid UUID string: $viberID]
2025-05-13T15:20:31.765+05:00  WARN 16036 --- [server] [http-nio-8080-exec-4] .m.m.a.ExceptionHandlerExceptionResolver : Resolved [org.springframework.web.method.annotation.MethodArgumentTypeMismatchException: Method parameter 'id': Failed to convert value of type 'java.lang.String' to required type 'java.util.UUID'; Invalid UUID string: ${widget.viberID}]
2025-05-13T15:48:40.111+05:00  WARN 16036 --- [server] [http-nio-8080-exec-2] .m.m.a.ExceptionHandlerExceptionResolver : Resolved [org.springframework.web.method.annotation.MethodArgumentTypeMismatchException: Method parameter 'id': Failed to convert value of type 'java.lang.String' to required type 'java.util.UUID'; Invalid UUID string: $viberID]
2025-05-13T15:48:56.779+05:00  WARN 16036 --- [server] [http-nio-8080-exec-6] .m.m.a.ExceptionHandlerExceptionResolver : Resolved [com.vibeverse.server.exception.ResourceNotFoundException: Viber not found with username: $username]
2025-05-13T15:50:18.188+05:00  WARN 16036 --- [server] [http-nio-8080-exec-3] .m.m.a.ExceptionHandlerExceptionResolver : Resolved [org.springframework.web.method.annotation.MethodArgumentTypeMismatchException: Method parameter 'id': Failed to convert value of type 'java.lang.String' to required type 'java.util.UUID'; Invalid UUID string: ${widget.viberID}]
2025-05-13T15:50:18.245+05:00  WARN 16036 --- [server] [http-nio-8080-exec-2] .m.m.a.ExceptionHandlerExceptionResolver : Resolved [org.springframework.web.method.annotation.MethodArgumentTypeMismatchException: Method parameter 'id': Failed to convert value of type 'java.lang.String' to required type 'java.util.UUID'; Invalid UUID string: ${widget.viberID}]
2025-05-13T15:50:18.304+05:00  WARN 16036 --- [server] [http-nio-8080-exec-4] .m.m.a.ExceptionHandlerExceptionResolver : Resolved [org.springframework.web.method.annotation.MethodArgumentTypeMismatchException: Method parameter 'id': Failed to convert value of type 'java.lang.String' to required type 'java.util.UUID'; Invalid UUID string: ${widget.viberID}]
2025-05-13T15:50:18.365+05:00  WARN 16036 --- [server] [http-nio-8080-exec-6] .m.m.a.ExceptionHandlerExceptionResolver : Resolved [org.springframework.web.method.annotation.MethodArgumentTypeMismatchException: Method parameter 'id': Failed to convert value of type 'java.lang.String' to required type 'java.util.UUID'; Invalid UUID string: ${widget.viberID}]
2025-05-13T15:50:18.428+05:00  WARN 16036 --- [server] [http-nio-8080-exec-8] .m.m.a.ExceptionHandlerExceptionResolver : Resolved [org.springframework.web.method.annotation.MethodArgumentTypeMismatchException: Method parameter 'id': Failed to convert value of type 'java.lang.String' to required type 'java.util.UUID'; Invalid UUID string: ${widget.viberID}]
2025-05-13T15:50:18.492+05:00  WARN 16036 --- [server] [http-nio-8080-exec-5] .m.m.a.ExceptionHandlerExceptionResolver : Resolved [org.springframework.web.method.annotation.MethodArgumentTypeMismatchException: Method parameter 'id': Failed to convert value of type 'java.lang.String' to required type 'java.util.UUID'; Invalid UUID string: ${widget.viberID}]
2025-05-13T15:50:18.554+05:00  WARN 16036 --- [server] [http-nio-8080-exec-7] .m.m.a.ExceptionHandlerExceptionResolver : Resolved [org.springframework.web.method.annotation.MethodArgumentTypeMismatchException: Method parameter 'id': Failed to convert value of type 'java.lang.String' to required type 'java.util.UUID'; Invalid UUID string: ${widget.viberID}]
2025-05-13T15:55:42.977+05:00  WARN 16036 --- [server] [http-nio-8080-exec-10] .w.s.m.s.DefaultHandlerExceptionResolver : Resolved [org.springframework.web.bind.MethodArgumentNotValidException: Validation failed for argument [1] in public com.vibeverse.server.dto.response.ViberResponseDto com.vibeverse.server.controller.ViberController.updateViber(java.util.UUID,com.vibeverse.server.dto.request.ViberRequestDto): [Field error in object 'viberRequestDto' on field 'password': rejected value [null]; codes [NotBlank.viberRequestDto.password,NotBlank.password,NotBlank.java.lang.String,NotBlank]; arguments [org.springframework.context.support.DefaultMessageSourceResolvable: codes [viberRequestDto.password,password]; arguments []; default message [password]]; default message [Password is required]] ]
2025-05-13T15:57:03.579+05:00  WARN 16036 --- [server] [http-nio-8080-exec-3] .w.s.m.s.DefaultHandlerExceptionResolver : Resolved [org.springframework.web.bind.MethodArgumentNotValidException: Validation failed for argument [1] in public com.vibeverse.server.dto.response.ViberResponseDto com.vibeverse.server.controller.ViberController.updateViber(java.util.UUID,com.vibeverse.server.dto.request.ViberRequestDto): [Field error in object 'viberRequestDto' on field 'password': rejected value [null]; codes [NotBlank.viberRequestDto.password,NotBlank.password,NotBlank.java.lang.String,NotBlank]; arguments [org.springframework.context.support.DefaultMessageSourceResolvable: codes [viberRequestDto.password,password]; arguments []; default message [password]]; default message [Password is required]] ]
2025-05-13T15:57:30.326+05:00  WARN 16036 --- [server] [http-nio-8080-exec-4] .w.s.m.s.DefaultHandlerExceptionResolver : Resolved [org.springframework.web.bind.MethodArgumentNotValidException: Validation failed for argument [1] in public com.vibeverse.server.dto.response.ViberResponseDto com.vibeverse.server.controller.ViberController.updateViber(java.util.UUID,com.vibeverse.server.dto.request.ViberRequestDto): [Field error in object 'viberRequestDto' on field 'password': rejected value [null]; codes [NotBlank.viberRequestDto.password,NotBlank.password,NotBlank.java.lang.String,NotBlank]; arguments [org.springframework.context.support.DefaultMessageSourceResolvable: codes [viberRequestDto.password,password]; arguments []; default message [password]]; default message [Password is required]] ]
2025-05-13T16:41:25.702+05:00  INFO 16036 --- [server] [SpringApplicationShutdownHook] o.s.b.w.e.tomcat.GracefulShutdown        : Commencing graceful shutdown. Waiting for active requests to complete
2025-05-13T16:41:25.785+05:00  INFO 16036 --- [server] [tomcat-shutdown] o.s.b.w.e.tomcat.GracefulShutdown        : Graceful shutdown complete
2025-05-13T16:41:25.953+05:00  INFO 16036 --- [server] [SpringApplicationShutdownHook] j.LocalContainerEntityManagerFactoryBean : Closing JPA EntityManagerFactory for persistence unit 'default'
2025-05-13T16:41:25.993+05:00  INFO 16036 --- [server] [SpringApplicationShutdownHook] com.zaxxer.hikari.HikariDataSource       : HikariPool-1 - Shutdown initiated...
2025-05-13T16:41:26.021+05:00  INFO 16036 --- [server] [SpringApplicationShutdownHook] com.zaxxer.hikari.HikariDataSource       : HikariPool-1 - Shutdown completed.
2025-05-13T16:41:41.842+05:00  INFO 11144 --- [server] [restartedMain] com.vibeverse.server.ServerApplication   : Starting ServerApplication using Java 23.0.2 with PID 11144 (D:\VibeVerse\server\target\classes started by H P in D:\VibeVerse)
2025-05-13T16:41:41.848+05:00  INFO 11144 --- [server] [restartedMain] com.vibeverse.server.ServerApplication   : No active profile set, falling back to 1 default profile: "default"
2025-05-13T16:41:42.081+05:00  INFO 11144 --- [server] [restartedMain] .e.DevToolsPropertyDefaultsPostProcessor : Devtools property defaults active! Set 'spring.devtools.add-properties' to 'false' to disable
2025-05-13T16:41:42.082+05:00  INFO 11144 --- [server] [restartedMain] .e.DevToolsPropertyDefaultsPostProcessor : For additional web related logging consider setting the 'logging.level.web' property to 'DEBUG'
2025-05-13T16:41:44.700+05:00  INFO 11144 --- [server] [restartedMain] .s.d.r.c.RepositoryConfigurationDelegate : Bootstrapping Spring Data JPA repositories in DEFAULT mode.
2025-05-13T16:41:45.259+05:00  INFO 11144 --- [server] [restartedMain] .s.d.r.c.RepositoryConfigurationDelegate : Finished Spring Data repository scanning in 521 ms. Found 7 JPA repository interfaces.
2025-05-13T16:41:47.870+05:00  INFO 11144 --- [server] [restartedMain] o.s.b.w.embedded.tomcat.TomcatWebServer  : Tomcat initialized with port 8080 (http)
2025-05-13T16:41:47.910+05:00  INFO 11144 --- [server] [restartedMain] o.apache.catalina.core.StandardService   : Starting service [Tomcat]
2025-05-13T16:41:47.910+05:00  INFO 11144 --- [server] [restartedMain] o.apache.catalina.core.StandardEngine    : Starting Servlet engine: [Apache Tomcat/10.1.40]
2025-05-13T16:41:48.024+05:00  INFO 11144 --- [server] [restartedMain] o.a.c.c.C.[Tomcat].[localhost].[/]       : Initializing Spring embedded WebApplicationContext
2025-05-13T16:41:48.024+05:00  INFO 11144 --- [server] [restartedMain] w.s.c.ServletWebServerApplicationContext : Root WebApplicationContext: initialization completed in 5938 ms
2025-05-13T16:41:48.483+05:00  INFO 11144 --- [server] [restartedMain] o.hibernate.jpa.internal.util.LogHelper  : HHH000204: Processing PersistenceUnitInfo [name: default]
2025-05-13T16:41:48.641+05:00  INFO 11144 --- [server] [restartedMain] org.hibernate.Version                    : HHH000412: Hibernate ORM core version 6.6.13.Final
2025-05-13T16:41:48.751+05:00  INFO 11144 --- [server] [restartedMain] o.h.c.internal.RegionFactoryInitiator    : HHH000026: Second-level cache disabled
2025-05-13T16:41:50.222+05:00  INFO 11144 --- [server] [restartedMain] o.s.o.j.p.SpringPersistenceUnitInfo      : No LoadTimeWeaver setup: ignoring JPA class transformer
2025-05-13T16:41:50.333+05:00  INFO 11144 --- [server] [restartedMain] com.zaxxer.hikari.HikariDataSource       : HikariPool-1 - Starting...
2025-05-13T16:41:50.337+05:00  INFO 19408 --- [server] [restartedMain] com.vibeverse.server.ServerApplication   : Starting ServerApplication using Java 23.0.2 with PID 19408 (D:\VibeVerse\server\target\classes started by H P in D:\VibeVerse)
2025-05-13T16:41:50.340+05:00  INFO 19408 --- [server] [restartedMain] com.vibeverse.server.ServerApplication   : No active profile set, falling back to 1 default profile: "default"
2025-05-13T16:41:50.495+05:00  INFO 19408 --- [server] [restartedMain] .e.DevToolsPropertyDefaultsPostProcessor : Devtools property defaults active! Set 'spring.devtools.add-properties' to 'false' to disable
2025-05-13T16:41:50.496+05:00  INFO 19408 --- [server] [restartedMain] .e.DevToolsPropertyDefaultsPostProcessor : For additional web related logging consider setting the 'logging.level.web' property to 'DEBUG'
2025-05-13T16:41:50.935+05:00  INFO 11144 --- [server] [restartedMain] com.zaxxer.hikari.pool.HikariPool        : HikariPool-1 - Added connection org.postgresql.jdbc.PgConnection@15920203
2025-05-13T16:41:50.938+05:00  INFO 11144 --- [server] [restartedMain] com.zaxxer.hikari.HikariDataSource       : HikariPool-1 - Start completed.
2025-05-13T16:41:51.280+05:00  INFO 11144 --- [server] [restartedMain] org.hibernate.orm.connections.pooling    : HHH10001005: Database info:
	Database JDBC URL [Connecting through datasource 'HikariDataSource (HikariPool-1)']
	Database driver: undefined/unknown
	Database version: 17.4
	Autocommit mode: undefined/unknown
	Isolation level: undefined/unknown
	Minimum pool size: undefined/unknown
	Maximum pool size: undefined/unknown
2025-05-13T16:41:53.157+05:00  INFO 19408 --- [server] [restartedMain] .s.d.r.c.RepositoryConfigurationDelegate : Bootstrapping Spring Data JPA repositories in DEFAULT mode.
2025-05-13T16:41:53.502+05:00  INFO 19408 --- [server] [restartedMain] .s.d.r.c.RepositoryConfigurationDelegate : Finished Spring Data repository scanning in 294 ms. Found 7 JPA repository interfaces.
2025-05-13T16:41:55.629+05:00  INFO 19408 --- [server] [restartedMain] o.s.b.w.embedded.tomcat.TomcatWebServer  : Tomcat initialized with port 8080 (http)
2025-05-13T16:41:55.673+05:00  INFO 19408 --- [server] [restartedMain] o.apache.catalina.core.StandardService   : Starting service [Tomcat]
2025-05-13T16:41:55.675+05:00  INFO 19408 --- [server] [restartedMain] o.apache.catalina.core.StandardEngine    : Starting Servlet engine: [Apache Tomcat/10.1.40]
2025-05-13T16:41:55.829+05:00  INFO 19408 --- [server] [restartedMain] o.a.c.c.C.[Tomcat].[localhost].[/]       : Initializing Spring embedded WebApplicationContext
2025-05-13T16:41:55.829+05:00  INFO 19408 --- [server] [restartedMain] w.s.c.ServletWebServerApplicationContext : Root WebApplicationContext: initialization completed in 5331 ms
2025-05-13T16:41:56.294+05:00  INFO 19408 --- [server] [restartedMain] o.hibernate.jpa.internal.util.LogHelper  : HHH000204: Processing PersistenceUnitInfo [name: default]
2025-05-13T16:41:56.527+05:00  INFO 19408 --- [server] [restartedMain] org.hibernate.Version                    : HHH000412: Hibernate ORM core version 6.6.13.Final
2025-05-13T16:41:56.662+05:00  INFO 19408 --- [server] [restartedMain] o.h.c.internal.RegionFactoryInitiator    : HHH000026: Second-level cache disabled
2025-05-13T16:41:56.834+05:00  INFO 11144 --- [server] [restartedMain] o.h.e.t.j.p.i.JtaPlatformInitiator       : HHH000489: No JTA platform available (set 'hibernate.transaction.jta.platform' to enable JTA platform integration)
2025-05-13T16:41:57.692+05:00  INFO 19408 --- [server] [restartedMain] o.s.o.j.p.SpringPersistenceUnitInfo      : No LoadTimeWeaver setup: ignoring JPA class transformer
2025-05-13T16:41:57.761+05:00  INFO 19408 --- [server] [restartedMain] com.zaxxer.hikari.HikariDataSource       : HikariPool-1 - Starting...
2025-05-13T16:41:58.223+05:00  INFO 19408 --- [server] [restartedMain] com.zaxxer.hikari.pool.HikariPool        : HikariPool-1 - Added connection org.postgresql.jdbc.PgConnection@6e1bf11e
2025-05-13T16:41:58.229+05:00  INFO 19408 --- [server] [restartedMain] com.zaxxer.hikari.HikariDataSource       : HikariPool-1 - Start completed.
2025-05-13T16:41:58.379+05:00  INFO 19408 --- [server] [restartedMain] org.hibernate.orm.connections.pooling    : HHH10001005: Database info:
	Database JDBC URL [Connecting through datasource 'HikariDataSource (HikariPool-1)']
	Database driver: undefined/unknown
	Database version: 17.4
	Autocommit mode: undefined/unknown
	Isolation level: undefined/unknown
	Minimum pool size: undefined/unknown
	Maximum pool size: undefined/unknown
2025-05-13T16:41:58.438+05:00  INFO 11144 --- [server] [restartedMain] j.LocalContainerEntityManagerFactoryBean : Initialized JPA EntityManagerFactory for persistence unit 'default'
2025-05-13T16:41:59.616+05:00  INFO 11144 --- [server] [restartedMain] o.s.d.j.r.query.QueryEnhancerFactory     : Hibernate is in classpath; If applicable, HQL parser will be used.
2025-05-13T16:42:01.626+05:00  INFO 19408 --- [server] [restartedMain] o.h.e.t.j.p.i.JtaPlatformInitiator       : HHH000489: No JTA platform available (set 'hibernate.transaction.jta.platform' to enable JTA platform integration)
2025-05-13T16:42:02.220+05:00  WARN 11144 --- [server] [restartedMain] .s.s.UserDetailsServiceAutoConfiguration : 

Using generated security password: afa0f580-d1f0-4ea4-b907-550a6ae7e77a

This generated password is for development use only. Your security configuration must be updated before running your application in production.

2025-05-13T16:42:02.232+05:00  INFO 11144 --- [server] [restartedMain] r$InitializeUserDetailsManagerConfigurer : Global AuthenticationManager configured with UserDetailsService bean with name inMemoryUserDetailsManager
2025-05-13T16:42:02.798+05:00  INFO 19408 --- [server] [restartedMain] j.LocalContainerEntityManagerFactoryBean : Initialized JPA EntityManagerFactory for persistence unit 'default'
2025-05-13T16:42:03.587+05:00  INFO 11144 --- [server] [restartedMain] o.s.b.d.a.OptionalLiveReloadServer       : LiveReload server is running on port 35729
2025-05-13T16:42:03.706+05:00  INFO 11144 --- [server] [restartedMain] o.s.b.w.embedded.tomcat.TomcatWebServer  : Tomcat started on port 8080 (http) with context path '/'
2025-05-13T16:42:03.757+05:00  INFO 11144 --- [server] [restartedMain] com.vibeverse.server.ServerApplication   : Started ServerApplication in 23.463 seconds (process running for 25.492)
2025-05-13T16:42:03.949+05:00  INFO 19408 --- [server] [restartedMain] o.s.d.j.r.query.QueryEnhancerFactory     : Hibernate is in classpath; If applicable, HQL parser will be used.
2025-05-13T16:42:07.864+05:00  WARN 19408 --- [server] [restartedMain] .s.s.UserDetailsServiceAutoConfiguration : 

Using generated security password: 4ec54e5f-9e66-458e-830a-46daa1af33ff

This generated password is for development use only. Your security configuration must be updated before running your application in production.

2025-05-13T16:42:07.878+05:00  INFO 19408 --- [server] [restartedMain] r$InitializeUserDetailsManagerConfigurer : Global AuthenticationManager configured with UserDetailsService bean with name inMemoryUserDetailsManager
2025-05-13T16:42:08.903+05:00  WARN 19408 --- [server] [restartedMain] o.s.b.d.a.OptionalLiveReloadServer       : Unable to start LiveReload server
2025-05-13T16:42:08.958+05:00  WARN 19408 --- [server] [restartedMain] ConfigServletWebServerApplicationContext : Exception encountered during context initialization - cancelling refresh attempt: org.springframework.context.ApplicationContextException: Failed to start bean 'webServerStartStop'
2025-05-13T16:42:08.964+05:00  INFO 19408 --- [server] [restartedMain] j.LocalContainerEntityManagerFactoryBean : Closing JPA EntityManagerFactory for persistence unit 'default'
2025-05-13T16:42:08.971+05:00  INFO 19408 --- [server] [restartedMain] com.zaxxer.hikari.HikariDataSource       : HikariPool-1 - Shutdown initiated...
2025-05-13T16:42:08.980+05:00  INFO 19408 --- [server] [restartedMain] com.zaxxer.hikari.HikariDataSource       : HikariPool-1 - Shutdown completed.
2025-05-13T16:42:09.017+05:00  INFO 19408 --- [server] [restartedMain] .s.b.a.l.ConditionEvaluationReportLogger : 

Error starting ApplicationContext. To display the condition evaluation report re-run your application with 'debug' enabled.
2025-05-13T16:42:09.070+05:00 ERROR 19408 --- [server] [restartedMain] o.s.b.d.LoggingFailureAnalysisReporter   : 

***************************
APPLICATION FAILED TO START
***************************

Description:

Web server failed to start. Port 8080 was already in use.

Action:

Identify and stop the process that's listening on port 8080 or configure this application to listen on another port.

2025-05-13T16:42:12.532+05:00  INFO 11144 --- [server] [http-nio-8080-exec-1] o.a.c.c.C.[Tomcat].[localhost].[/]       : Initializing Spring DispatcherServlet 'dispatcherServlet'
2025-05-13T16:42:12.534+05:00  INFO 11144 --- [server] [http-nio-8080-exec-1] o.s.web.servlet.DispatcherServlet        : Initializing Servlet 'dispatcherServlet'
2025-05-13T16:42:12.545+05:00  INFO 11144 --- [server] [http-nio-8080-exec-1] o.s.web.servlet.DispatcherServlet        : Completed initialization in 10 ms
2025-05-13T18:06:40.898+05:00  INFO 11144 --- [server] [SpringApplicationShutdownHook] o.s.b.w.e.tomcat.GracefulShutdown        : Commencing graceful shutdown. Waiting for active requests to complete
2025-05-13T18:06:40.924+05:00  INFO 11144 --- [server] [tomcat-shutdown] o.s.b.w.e.tomcat.GracefulShutdown        : Graceful shutdown complete
2025-05-13T18:06:40.947+05:00  INFO 11144 --- [server] [SpringApplicationShutdownHook] j.LocalContainerEntityManagerFactoryBean : Closing JPA EntityManagerFactory for persistence unit 'default'
2025-05-13T18:06:40.961+05:00  INFO 11144 --- [server] [SpringApplicationShutdownHook] com.zaxxer.hikari.HikariDataSource       : HikariPool-1 - Shutdown initiated...
2025-05-13T18:06:40.973+05:00  INFO 11144 --- [server] [SpringApplicationShutdownHook] com.zaxxer.hikari.HikariDataSource       : HikariPool-1 - Shutdown completed.
2025-05-13T18:07:05.498+05:00  INFO 15796 --- [server] [restartedMain] com.vibeverse.server.ServerApplication   : Starting ServerApplication using Java 23.0.2 with PID 15796 (D:\VibeVerse\server\target\classes started by H P in D:\VibeVerse)
2025-05-13T18:07:05.510+05:00  INFO 15796 --- [server] [restartedMain] com.vibeverse.server.ServerApplication   : No active profile set, falling back to 1 default profile: "default"
2025-05-13T18:07:05.715+05:00  INFO 15796 --- [server] [restartedMain] .e.DevToolsPropertyDefaultsPostProcessor : Devtools property defaults active! Set 'spring.devtools.add-properties' to 'false' to disable
2025-05-13T18:07:05.717+05:00  INFO 15796 --- [server] [restartedMain] .e.DevToolsPropertyDefaultsPostProcessor : For additional web related logging consider setting the 'logging.level.web' property to 'DEBUG'
2025-05-13T18:07:08.206+05:00  INFO 15796 --- [server] [restartedMain] .s.d.r.c.RepositoryConfigurationDelegate : Bootstrapping Spring Data JPA repositories in DEFAULT mode.
2025-05-13T18:07:08.390+05:00  INFO 15796 --- [server] [restartedMain] .s.d.r.c.RepositoryConfigurationDelegate : Finished Spring Data repository scanning in 165 ms. Found 7 JPA repository interfaces.
2025-05-13T18:07:10.756+05:00  INFO 15796 --- [server] [restartedMain] o.s.b.w.embedded.tomcat.TomcatWebServer  : Tomcat initialized with port 8080 (http)
2025-05-13T18:07:10.834+05:00  INFO 15796 --- [server] [restartedMain] o.apache.catalina.core.StandardService   : Starting service [Tomcat]
2025-05-13T18:07:10.837+05:00  INFO 15796 --- [server] [restartedMain] o.apache.catalina.core.StandardEngine    : Starting Servlet engine: [Apache Tomcat/10.1.40]
2025-05-13T18:07:11.189+05:00  INFO 15796 --- [server] [restartedMain] o.a.c.c.C.[Tomcat].[localhost].[/]       : Initializing Spring embedded WebApplicationContext
2025-05-13T18:07:11.191+05:00  INFO 15796 --- [server] [restartedMain] w.s.c.ServletWebServerApplicationContext : Root WebApplicationContext: initialization completed in 5472 ms
2025-05-13T18:07:12.002+05:00  INFO 15796 --- [server] [restartedMain] o.hibernate.jpa.internal.util.LogHelper  : HHH000204: Processing PersistenceUnitInfo [name: default]
2025-05-13T18:07:12.262+05:00  INFO 15796 --- [server] [restartedMain] org.hibernate.Version                    : HHH000412: Hibernate ORM core version 6.6.13.Final
2025-05-13T18:07:12.470+05:00  INFO 15796 --- [server] [restartedMain] o.h.c.internal.RegionFactoryInitiator    : HHH000026: Second-level cache disabled
2025-05-13T18:07:13.785+05:00  INFO 15796 --- [server] [restartedMain] o.s.o.j.p.SpringPersistenceUnitInfo      : No LoadTimeWeaver setup: ignoring JPA class transformer
2025-05-13T18:07:13.916+05:00  INFO 15796 --- [server] [restartedMain] com.zaxxer.hikari.HikariDataSource       : HikariPool-1 - Starting...
2025-05-13T18:07:14.737+05:00  INFO 15796 --- [server] [restartedMain] com.zaxxer.hikari.pool.HikariPool        : HikariPool-1 - Added connection org.postgresql.jdbc.PgConnection@27bcd1dc
2025-05-13T18:07:14.763+05:00  INFO 15796 --- [server] [restartedMain] com.zaxxer.hikari.HikariDataSource       : HikariPool-1 - Start completed.
2025-05-13T18:07:15.222+05:00  INFO 15796 --- [server] [restartedMain] org.hibernate.orm.connections.pooling    : HHH10001005: Database info:
	Database JDBC URL [Connecting through datasource 'HikariDataSource (HikariPool-1)']
	Database driver: undefined/unknown
	Database version: 17.4
	Autocommit mode: undefined/unknown
	Isolation level: undefined/unknown
	Minimum pool size: undefined/unknown
	Maximum pool size: undefined/unknown
2025-05-13T18:07:20.216+05:00  INFO 15796 --- [server] [restartedMain] o.h.e.t.j.p.i.JtaPlatformInitiator       : HHH000489: No JTA platform available (set 'hibernate.transaction.jta.platform' to enable JTA platform integration)
2025-05-13T18:07:21.678+05:00  INFO 15796 --- [server] [restartedMain] j.LocalContainerEntityManagerFactoryBean : Initialized JPA EntityManagerFactory for persistence unit 'default'
2025-05-13T18:07:22.605+05:00  INFO 15796 --- [server] [restartedMain] o.s.d.j.r.query.QueryEnhancerFactory     : Hibernate is in classpath; If applicable, HQL parser will be used.
2025-05-13T18:07:25.541+05:00  WARN 15796 --- [server] [restartedMain] .s.s.UserDetailsServiceAutoConfiguration : 

Using generated security password: d8987781-8133-4225-b97f-cab9214a4f72

This generated password is for development use only. Your security configuration must be updated before running your application in production.

2025-05-13T18:07:25.573+05:00  INFO 15796 --- [server] [restartedMain] r$InitializeUserDetailsManagerConfigurer : Global AuthenticationManager configured with UserDetailsService bean with name inMemoryUserDetailsManager
2025-05-13T18:07:27.619+05:00  INFO 15796 --- [server] [restartedMain] o.s.b.d.a.OptionalLiveReloadServer       : LiveReload server is running on port 35729
2025-05-13T18:07:27.834+05:00  INFO 15796 --- [server] [restartedMain] o.s.b.w.embedded.tomcat.TomcatWebServer  : Tomcat started on port 8080 (http) with context path '/'
2025-05-13T18:07:27.873+05:00  INFO 15796 --- [server] [restartedMain] com.vibeverse.server.ServerApplication   : Started ServerApplication in 24.37 seconds (process running for 26.278)
2025-05-13T18:07:39.956+05:00  INFO 15796 --- [server] [http-nio-8080-exec-1] o.a.c.c.C.[Tomcat].[localhost].[/]       : Initializing Spring DispatcherServlet 'dispatcherServlet'
2025-05-13T18:07:39.957+05:00  INFO 15796 --- [server] [http-nio-8080-exec-1] o.s.web.servlet.DispatcherServlet        : Initializing Servlet 'dispatcherServlet'
2025-05-13T18:07:39.961+05:00  INFO 15796 --- [server] [http-nio-8080-exec-1] o.s.web.servlet.DispatcherServlet        : Completed initialization in 4 ms
2025-05-13T18:56:39.231+05:00  WARN 15796 --- [server] [HikariPool-1 housekeeper] com.zaxxer.hikari.pool.HikariPool        : HikariPool-1 - Thread starvation or clock leap detected (housekeeper delta=15m53s777ms898µs900ns).
2025-05-13T18:58:12.655+05:00  INFO 15796 --- [server] [SpringApplicationShutdownHook] o.s.b.w.e.tomcat.GracefulShutdown        : Commencing graceful shutdown. Waiting for active requests to complete
2025-05-13T18:58:12.673+05:00  INFO 15796 --- [server] [tomcat-shutdown] o.s.b.w.e.tomcat.GracefulShutdown        : Graceful shutdown complete
2025-05-13T18:58:12.683+05:00  INFO 15796 --- [server] [SpringApplicationShutdownHook] j.LocalContainerEntityManagerFactoryBean : Closing JPA EntityManagerFactory for persistence unit 'default'
2025-05-13T18:58:12.688+05:00  INFO 15796 --- [server] [SpringApplicationShutdownHook] com.zaxxer.hikari.HikariDataSource       : HikariPool-1 - Shutdown initiated...
2025-05-13T18:58:12.693+05:00  INFO 15796 --- [server] [SpringApplicationShutdownHook] com.zaxxer.hikari.HikariDataSource       : HikariPool-1 - Shutdown completed.
2025-05-13T18:58:21.052+05:00  INFO 13168 --- [server] [restartedMain] com.vibeverse.server.ServerApplication   : Starting ServerApplication using Java 23.0.2 with PID 13168 (D:\VibeVerse\server\target\classes started by H P in D:\VibeVerse)
2025-05-13T18:58:21.058+05:00  INFO 13168 --- [server] [restartedMain] com.vibeverse.server.ServerApplication   : No active profile set, falling back to 1 default profile: "default"
2025-05-13T18:58:21.310+05:00  INFO 13168 --- [server] [restartedMain] .e.DevToolsPropertyDefaultsPostProcessor : Devtools property defaults active! Set 'spring.devtools.add-properties' to 'false' to disable
2025-05-13T18:58:21.312+05:00  INFO 13168 --- [server] [restartedMain] .e.DevToolsPropertyDefaultsPostProcessor : For additional web related logging consider setting the 'logging.level.web' property to 'DEBUG'
2025-05-13T18:58:23.581+05:00  INFO 13168 --- [server] [restartedMain] .s.d.r.c.RepositoryConfigurationDelegate : Bootstrapping Spring Data JPA repositories in DEFAULT mode.
2025-05-13T18:58:23.725+05:00  INFO 13168 --- [server] [restartedMain] .s.d.r.c.RepositoryConfigurationDelegate : Finished Spring Data repository scanning in 128 ms. Found 7 JPA repository interfaces.
2025-05-13T18:58:24.971+05:00  INFO 13168 --- [server] [restartedMain] o.s.b.w.embedded.tomcat.TomcatWebServer  : Tomcat initialized with port 8080 (http)
2025-05-13T18:58:25.001+05:00  INFO 13168 --- [server] [restartedMain] o.apache.catalina.core.StandardService   : Starting service [Tomcat]
2025-05-13T18:58:25.001+05:00  INFO 13168 --- [server] [restartedMain] o.apache.catalina.core.StandardEngine    : Starting Servlet engine: [Apache Tomcat/10.1.40]
2025-05-13T18:58:25.091+05:00  INFO 13168 --- [server] [restartedMain] o.a.c.c.C.[Tomcat].[localhost].[/]       : Initializing Spring embedded WebApplicationContext
2025-05-13T18:58:25.091+05:00  INFO 13168 --- [server] [restartedMain] w.s.c.ServletWebServerApplicationContext : Root WebApplicationContext: initialization completed in 3777 ms
2025-05-13T18:58:25.371+05:00  INFO 13168 --- [server] [restartedMain] o.hibernate.jpa.internal.util.LogHelper  : HHH000204: Processing PersistenceUnitInfo [name: default]
2025-05-13T18:58:25.500+05:00  INFO 13168 --- [server] [restartedMain] org.hibernate.Version                    : HHH000412: Hibernate ORM core version 6.6.13.Final
2025-05-13T18:58:25.569+05:00  INFO 13168 --- [server] [restartedMain] o.h.c.internal.RegionFactoryInitiator    : HHH000026: Second-level cache disabled
2025-05-13T18:58:26.118+05:00  INFO 13168 --- [server] [restartedMain] o.s.o.j.p.SpringPersistenceUnitInfo      : No LoadTimeWeaver setup: ignoring JPA class transformer
2025-05-13T18:58:26.172+05:00  INFO 13168 --- [server] [restartedMain] com.zaxxer.hikari.HikariDataSource       : HikariPool-1 - Starting...
2025-05-13T18:58:26.548+05:00  INFO 13168 --- [server] [restartedMain] com.zaxxer.hikari.pool.HikariPool        : HikariPool-1 - Added connection org.postgresql.jdbc.PgConnection@314463e7
2025-05-13T18:58:26.548+05:00  INFO 13168 --- [server] [restartedMain] com.zaxxer.hikari.HikariDataSource       : HikariPool-1 - Start completed.
2025-05-13T18:58:26.734+05:00  INFO 13168 --- [server] [restartedMain] org.hibernate.orm.connections.pooling    : HHH10001005: Database info:
	Database JDBC URL [Connecting through datasource 'HikariDataSource (HikariPool-1)']
	Database driver: undefined/unknown
	Database version: 17.4
	Autocommit mode: undefined/unknown
	Isolation level: undefined/unknown
	Minimum pool size: undefined/unknown
	Maximum pool size: undefined/unknown
2025-05-13T18:58:29.025+05:00  INFO 13168 --- [server] [restartedMain] o.h.e.t.j.p.i.JtaPlatformInitiator       : HHH000489: No JTA platform available (set 'hibernate.transaction.jta.platform' to enable JTA platform integration)
2025-05-13T18:58:29.883+05:00  INFO 13168 --- [server] [restartedMain] j.LocalContainerEntityManagerFactoryBean : Initialized JPA EntityManagerFactory for persistence unit 'default'
2025-05-13T18:58:30.643+05:00  INFO 13168 --- [server] [restartedMain] o.s.d.j.r.query.QueryEnhancerFactory     : Hibernate is in classpath; If applicable, HQL parser will be used.
2025-05-13T18:58:32.306+05:00  WARN 13168 --- [server] [restartedMain] .s.s.UserDetailsServiceAutoConfiguration : 

Using generated security password: ae619ee7-45f6-44d6-934f-5d73a7f27785

This generated password is for development use only. Your security configuration must be updated before running your application in production.

2025-05-13T18:58:32.306+05:00  INFO 13168 --- [server] [restartedMain] r$InitializeUserDetailsManagerConfigurer : Global AuthenticationManager configured with UserDetailsService bean with name inMemoryUserDetailsManager
2025-05-13T18:58:33.235+05:00  INFO 13168 --- [server] [restartedMain] o.s.b.d.a.OptionalLiveReloadServer       : LiveReload server is running on port 35729
2025-05-13T18:58:33.298+05:00  INFO 13168 --- [server] [restartedMain] o.s.b.w.embedded.tomcat.TomcatWebServer  : Tomcat started on port 8080 (http) with context path '/'
2025-05-13T18:58:33.306+05:00  INFO 13168 --- [server] [restartedMain] com.vibeverse.server.ServerApplication   : Started ServerApplication in 13.32 seconds (process running for 15.0)
2025-05-13T18:58:39.740+05:00  INFO 13168 --- [server] [http-nio-8080-exec-1] o.a.c.c.C.[Tomcat].[localhost].[/]       : Initializing Spring DispatcherServlet 'dispatcherServlet'
2025-05-13T18:58:39.746+05:00  INFO 13168 --- [server] [http-nio-8080-exec-1] o.s.web.servlet.DispatcherServlet        : Initializing Servlet 'dispatcherServlet'
2025-05-13T18:58:39.748+05:00  INFO 13168 --- [server] [http-nio-8080-exec-1] o.s.web.servlet.DispatcherServlet        : Completed initialization in 2 ms
2025-05-13T19:46:18.578+05:00  WARN 13168 --- [server] [HikariPool-1 housekeeper] com.zaxxer.hikari.pool.HikariPool        : HikariPool-1 - Thread starvation or clock leap detected (housekeeper delta=5m51s372ms835µs400ns).
2025-05-13T19:49:57.815+05:00  INFO 13168 --- [server] [File Watcher] rtingClassPathChangeChangedEventListener : Restarting due to 1 class path change (0 additions, 0 deletions, 1 modification)
2025-05-13T19:49:57.852+05:00  INFO 13168 --- [server] [Thread-5] o.s.b.w.e.tomcat.GracefulShutdown        : Commencing graceful shutdown. Waiting for active requests to complete
2025-05-13T19:49:57.874+05:00  INFO 13168 --- [server] [tomcat-shutdown] o.s.b.w.e.tomcat.GracefulShutdown        : Graceful shutdown complete
2025-05-13T19:49:57.903+05:00  INFO 13168 --- [server] [Thread-5] j.LocalContainerEntityManagerFactoryBean : Closing JPA EntityManagerFactory for persistence unit 'default'
2025-05-13T19:49:57.930+05:00  INFO 13168 --- [server] [Thread-5] com.zaxxer.hikari.HikariDataSource       : HikariPool-1 - Shutdown initiated...
2025-05-13T19:49:57.940+05:00  INFO 13168 --- [server] [Thread-5] com.zaxxer.hikari.HikariDataSource       : HikariPool-1 - Shutdown completed.
2025-05-13T19:49:58.334+05:00  INFO 13168 --- [server] [restartedMain] com.vibeverse.server.ServerApplication   : Starting ServerApplication using Java 23.0.2 with PID 13168 (D:\VibeVerse\server\target\classes started by H P in D:\VibeVerse)
2025-05-13T19:49:58.335+05:00  INFO 13168 --- [server] [restartedMain] com.vibeverse.server.ServerApplication   : No active profile set, falling back to 1 default profile: "default"
2025-05-13T19:49:59.003+05:00  INFO 13168 --- [server] [restartedMain] .s.d.r.c.RepositoryConfigurationDelegate : Bootstrapping Spring Data JPA repositories in DEFAULT mode.
2025-05-13T19:49:59.075+05:00  INFO 13168 --- [server] [restartedMain] .s.d.r.c.RepositoryConfigurationDelegate : Finished Spring Data repository scanning in 66 ms. Found 7 JPA repository interfaces.
2025-05-13T19:49:59.451+05:00  INFO 13168 --- [server] [restartedMain] o.s.b.w.embedded.tomcat.TomcatWebServer  : Tomcat initialized with port 8080 (http)
2025-05-13T19:49:59.455+05:00  INFO 13168 --- [server] [restartedMain] o.apache.catalina.core.StandardService   : Starting service [Tomcat]
2025-05-13T19:49:59.455+05:00  INFO 13168 --- [server] [restartedMain] o.apache.catalina.core.StandardEngine    : Starting Servlet engine: [Apache Tomcat/10.1.40]
2025-05-13T19:49:59.502+05:00  INFO 13168 --- [server] [restartedMain] o.a.c.c.C.[Tomcat].[localhost].[/]       : Initializing Spring embedded WebApplicationContext
2025-05-13T19:49:59.503+05:00  INFO 13168 --- [server] [restartedMain] w.s.c.ServletWebServerApplicationContext : Root WebApplicationContext: initialization completed in 1161 ms
2025-05-13T19:49:59.602+05:00  INFO 13168 --- [server] [restartedMain] o.hibernate.jpa.internal.util.LogHelper  : HHH000204: Processing PersistenceUnitInfo [name: default]
2025-05-13T19:49:59.607+05:00  INFO 13168 --- [server] [restartedMain] o.h.c.internal.RegionFactoryInitiator    : HHH000026: Second-level cache disabled
2025-05-13T19:49:59.628+05:00  INFO 13168 --- [server] [restartedMain] o.s.o.j.p.SpringPersistenceUnitInfo      : No LoadTimeWeaver setup: ignoring JPA class transformer
2025-05-13T19:49:59.630+05:00  INFO 13168 --- [server] [restartedMain] com.zaxxer.hikari.HikariDataSource       : HikariPool-2 - Starting...
2025-05-13T19:49:59.793+05:00  INFO 13168 --- [server] [restartedMain] com.zaxxer.hikari.pool.HikariPool        : HikariPool-2 - Added connection org.postgresql.jdbc.PgConnection@65cba0dc
2025-05-13T19:49:59.794+05:00  INFO 13168 --- [server] [restartedMain] com.zaxxer.hikari.HikariDataSource       : HikariPool-2 - Start completed.
2025-05-13T19:49:59.812+05:00  INFO 13168 --- [server] [restartedMain] org.hibernate.orm.connections.pooling    : HHH10001005: Database info:
	Database JDBC URL [Connecting through datasource 'HikariDataSource (HikariPool-2)']
	Database driver: undefined/unknown
	Database version: 17.4
	Autocommit mode: undefined/unknown
	Isolation level: undefined/unknown
	Minimum pool size: undefined/unknown
	Maximum pool size: undefined/unknown
2025-05-13T19:50:00.351+05:00  INFO 13168 --- [server] [restartedMain] o.h.e.t.j.p.i.JtaPlatformInitiator       : HHH000489: No JTA platform available (set 'hibernate.transaction.jta.platform' to enable JTA platform integration)
2025-05-13T19:50:01.605+05:00  INFO 13168 --- [server] [restartedMain] j.LocalContainerEntityManagerFactoryBean : Initialized JPA EntityManagerFactory for persistence unit 'default'
2025-05-13T19:50:02.625+05:00  WARN 13168 --- [server] [restartedMain] .s.s.UserDetailsServiceAutoConfiguration : 

Using generated security password: 8bd4c64d-8f84-496d-adf1-33f8650d60d1

This generated password is for development use only. Your security configuration must be updated before running your application in production.

2025-05-13T19:50:02.631+05:00  INFO 13168 --- [server] [restartedMain] r$InitializeUserDetailsManagerConfigurer : Global AuthenticationManager configured with UserDetailsService bean with name inMemoryUserDetailsManager
2025-05-13T19:50:03.228+05:00  INFO 13168 --- [server] [restartedMain] o.s.b.d.a.OptionalLiveReloadServer       : LiveReload server is running on port 35729
2025-05-13T19:50:03.291+05:00  INFO 13168 --- [server] [restartedMain] o.s.b.w.embedded.tomcat.TomcatWebServer  : Tomcat started on port 8080 (http) with context path '/'
2025-05-13T19:50:03.303+05:00  INFO 13168 --- [server] [restartedMain] com.vibeverse.server.ServerApplication   : Started ServerApplication in 5.061 seconds (process running for 3104.992)
2025-05-13T19:50:03.307+05:00  INFO 13168 --- [server] [restartedMain] .ConditionEvaluationDeltaLoggingListener : Condition evaluation unchanged
2025-05-13T19:50:05.125+05:00  INFO 13168 --- [server] [File Watcher] rtingClassPathChangeChangedEventListener : Restarting due to 1 class path change (0 additions, 0 deletions, 1 modification)
2025-05-13T19:50:05.129+05:00  INFO 13168 --- [server] [Thread-7] o.s.b.w.e.tomcat.GracefulShutdown        : Commencing graceful shutdown. Waiting for active requests to complete
2025-05-13T19:50:05.226+05:00  INFO 13168 --- [server] [tomcat-shutdown] o.s.b.w.e.tomcat.GracefulShutdown        : Graceful shutdown complete
2025-05-13T19:50:05.237+05:00  INFO 13168 --- [server] [Thread-7] j.LocalContainerEntityManagerFactoryBean : Closing JPA EntityManagerFactory for persistence unit 'default'
2025-05-13T19:50:05.240+05:00  INFO 13168 --- [server] [Thread-7] com.zaxxer.hikari.HikariDataSource       : HikariPool-2 - Shutdown initiated...
2025-05-13T19:50:05.247+05:00  INFO 13168 --- [server] [Thread-7] com.zaxxer.hikari.HikariDataSource       : HikariPool-2 - Shutdown completed.
2025-05-13T19:50:05.463+05:00  INFO 13168 --- [server] [restartedMain] com.vibeverse.server.ServerApplication   : Starting ServerApplication using Java 23.0.2 with PID 13168 (D:\VibeVerse\server\target\classes started by H P in D:\VibeVerse)
2025-05-13T19:50:05.465+05:00  INFO 13168 --- [server] [restartedMain] com.vibeverse.server.ServerApplication   : No active profile set, falling back to 1 default profile: "default"
2025-05-13T19:50:05.948+05:00  INFO 13168 --- [server] [restartedMain] .s.d.r.c.RepositoryConfigurationDelegate : Bootstrapping Spring Data JPA repositories in DEFAULT mode.
2025-05-13T19:50:05.993+05:00  INFO 13168 --- [server] [restartedMain] .s.d.r.c.RepositoryConfigurationDelegate : Finished Spring Data repository scanning in 37 ms. Found 7 JPA repository interfaces.
2025-05-13T19:50:06.277+05:00  INFO 13168 --- [server] [restartedMain] o.s.b.w.embedded.tomcat.TomcatWebServer  : Tomcat initialized with port 8080 (http)
2025-05-13T19:50:06.281+05:00  INFO 13168 --- [server] [restartedMain] o.apache.catalina.core.StandardService   : Starting service [Tomcat]
2025-05-13T19:50:06.281+05:00  INFO 13168 --- [server] [restartedMain] o.apache.catalina.core.StandardEngine    : Starting Servlet engine: [Apache Tomcat/10.1.40]
2025-05-13T19:50:06.316+05:00  INFO 13168 --- [server] [restartedMain] o.a.c.c.C.[Tomcat].[localhost].[/]       : Initializing Spring embedded WebApplicationContext
2025-05-13T19:50:06.316+05:00  INFO 13168 --- [server] [restartedMain] w.s.c.ServletWebServerApplicationContext : Root WebApplicationContext: initialization completed in 845 ms
2025-05-13T19:50:06.404+05:00  INFO 13168 --- [server] [restartedMain] o.hibernate.jpa.internal.util.LogHelper  : HHH000204: Processing PersistenceUnitInfo [name: default]
2025-05-13T19:50:06.412+05:00  INFO 13168 --- [server] [restartedMain] o.h.c.internal.RegionFactoryInitiator    : HHH000026: Second-level cache disabled
2025-05-13T19:50:06.436+05:00  INFO 13168 --- [server] [restartedMain] o.s.o.j.p.SpringPersistenceUnitInfo      : No LoadTimeWeaver setup: ignoring JPA class transformer
2025-05-13T19:50:06.436+05:00  INFO 13168 --- [server] [restartedMain] com.zaxxer.hikari.HikariDataSource       : HikariPool-3 - Starting...
2025-05-13T19:50:06.652+05:00  INFO 13168 --- [server] [restartedMain] com.zaxxer.hikari.pool.HikariPool        : HikariPool-3 - Added connection org.postgresql.jdbc.PgConnection@48c7fa23
2025-05-13T19:50:06.653+05:00  INFO 13168 --- [server] [restartedMain] com.zaxxer.hikari.HikariDataSource       : HikariPool-3 - Start completed.
2025-05-13T19:50:06.676+05:00  INFO 13168 --- [server] [restartedMain] org.hibernate.orm.connections.pooling    : HHH10001005: Database info:
	Database JDBC URL [Connecting through datasource 'HikariDataSource (HikariPool-3)']
	Database driver: undefined/unknown
	Database version: 17.4
	Autocommit mode: undefined/unknown
	Isolation level: undefined/unknown
	Minimum pool size: undefined/unknown
	Maximum pool size: undefined/unknown
2025-05-13T19:50:07.565+05:00  INFO 13168 --- [server] [restartedMain] o.h.e.t.j.p.i.JtaPlatformInitiator       : HHH000489: No JTA platform available (set 'hibernate.transaction.jta.platform' to enable JTA platform integration)
2025-05-13T19:50:08.672+05:00  INFO 13168 --- [server] [restartedMain] j.LocalContainerEntityManagerFactoryBean : Initialized JPA EntityManagerFactory for persistence unit 'default'
2025-05-13T19:50:09.153+05:00  WARN 13168 --- [server] [restartedMain] .s.s.UserDetailsServiceAutoConfiguration : 

Using generated security password: ae9bad50-cfb6-42fc-9d72-386ab58c9db1

This generated password is for development use only. Your security configuration must be updated before running your application in production.

2025-05-13T19:50:09.156+05:00  INFO 13168 --- [server] [restartedMain] r$InitializeUserDetailsManagerConfigurer : Global AuthenticationManager configured with UserDetailsService bean with name inMemoryUserDetailsManager
2025-05-13T19:50:09.428+05:00  INFO 13168 --- [server] [restartedMain] o.s.b.d.a.OptionalLiveReloadServer       : LiveReload server is running on port 35729
2025-05-13T19:50:09.449+05:00  INFO 13168 --- [server] [restartedMain] o.s.b.w.embedded.tomcat.TomcatWebServer  : Tomcat started on port 8080 (http) with context path '/'
2025-05-13T19:50:09.454+05:00  INFO 13168 --- [server] [restartedMain] com.vibeverse.server.ServerApplication   : Started ServerApplication in 4.089 seconds (process running for 3111.144)
2025-05-13T19:50:09.455+05:00  INFO 13168 --- [server] [SpringApplicationShutdownHook] o.s.b.w.e.tomcat.GracefulShutdown        : Commencing graceful shutdown. Waiting for active requests to complete
2025-05-13T19:50:09.456+05:00  INFO 13168 --- [server] [restartedMain] .ConditionEvaluationDeltaLoggingListener : Condition evaluation unchanged
2025-05-13T19:50:09.486+05:00  INFO 13168 --- [server] [tomcat-shutdown] o.s.b.w.e.tomcat.GracefulShutdown        : Graceful shutdown complete
2025-05-13T19:50:09.517+05:00  INFO 13168 --- [server] [SpringApplicationShutdownHook] j.LocalContainerEntityManagerFactoryBean : Closing JPA EntityManagerFactory for persistence unit 'default'
2025-05-13T19:50:09.527+05:00  INFO 13168 --- [server] [SpringApplicationShutdownHook] com.zaxxer.hikari.HikariDataSource       : HikariPool-3 - Shutdown initiated...
2025-05-13T19:50:09.532+05:00  INFO 13168 --- [server] [SpringApplicationShutdownHook] com.zaxxer.hikari.HikariDataSource       : HikariPool-3 - Shutdown completed.
2025-05-13T19:50:19.844+05:00  INFO 20620 --- [server] [restartedMain] com.vibeverse.server.ServerApplication   : Starting ServerApplication using Java 23.0.2 with PID 20620 (D:\VibeVerse\server\target\classes started by H P in D:\VibeVerse)
2025-05-13T19:50:19.848+05:00  INFO 20620 --- [server] [restartedMain] com.vibeverse.server.ServerApplication   : No active profile set, falling back to 1 default profile: "default"
2025-05-13T19:50:19.977+05:00  INFO 20620 --- [server] [restartedMain] .e.DevToolsPropertyDefaultsPostProcessor : Devtools property defaults active! Set 'spring.devtools.add-properties' to 'false' to disable
2025-05-13T19:50:19.978+05:00  INFO 20620 --- [server] [restartedMain] .e.DevToolsPropertyDefaultsPostProcessor : For additional web related logging consider setting the 'logging.level.web' property to 'DEBUG'
2025-05-13T19:50:22.437+05:00  INFO 20620 --- [server] [restartedMain] .s.d.r.c.RepositoryConfigurationDelegate : Bootstrapping Spring Data JPA repositories in DEFAULT mode.
2025-05-13T19:50:22.635+05:00  INFO 20620 --- [server] [restartedMain] .s.d.r.c.RepositoryConfigurationDelegate : Finished Spring Data repository scanning in 178 ms. Found 7 JPA repository interfaces.
2025-05-13T19:50:24.866+05:00  INFO 20620 --- [server] [restartedMain] o.s.b.w.embedded.tomcat.TomcatWebServer  : Tomcat initialized with port 8080 (http)
2025-05-13T19:50:24.908+05:00  INFO 20620 --- [server] [restartedMain] o.apache.catalina.core.StandardService   : Starting service [Tomcat]
2025-05-13T19:50:24.909+05:00  INFO 20620 --- [server] [restartedMain] o.apache.catalina.core.StandardEngine    : Starting Servlet engine: [Apache Tomcat/10.1.40]
2025-05-13T19:50:25.032+05:00  INFO 20620 --- [server] [restartedMain] o.a.c.c.C.[Tomcat].[localhost].[/]       : Initializing Spring embedded WebApplicationContext
2025-05-13T19:50:25.033+05:00  INFO 20620 --- [server] [restartedMain] w.s.c.ServletWebServerApplicationContext : Root WebApplicationContext: initialization completed in 5054 ms
2025-05-13T19:50:25.465+05:00  INFO 20620 --- [server] [restartedMain] o.hibernate.jpa.internal.util.LogHelper  : HHH000204: Processing PersistenceUnitInfo [name: default]
2025-05-13T19:50:25.642+05:00  INFO 20620 --- [server] [restartedMain] org.hibernate.Version                    : HHH000412: Hibernate ORM core version 6.6.13.Final
2025-05-13T19:50:25.741+05:00  INFO 20620 --- [server] [restartedMain] o.h.c.internal.RegionFactoryInitiator    : HHH000026: Second-level cache disabled
2025-05-13T19:50:26.491+05:00  INFO 20620 --- [server] [restartedMain] o.s.o.j.p.SpringPersistenceUnitInfo      : No LoadTimeWeaver setup: ignoring JPA class transformer
2025-05-13T19:50:26.642+05:00  INFO 20620 --- [server] [restartedMain] com.zaxxer.hikari.HikariDataSource       : HikariPool-1 - Starting...
2025-05-13T19:50:27.170+05:00  INFO 20620 --- [server] [restartedMain] com.zaxxer.hikari.pool.HikariPool        : HikariPool-1 - Added connection org.postgresql.jdbc.PgConnection@4e3002
2025-05-13T19:50:27.176+05:00  INFO 20620 --- [server] [restartedMain] com.zaxxer.hikari.HikariDataSource       : HikariPool-1 - Start completed.
2025-05-13T19:50:27.396+05:00  INFO 20620 --- [server] [restartedMain] org.hibernate.orm.connections.pooling    : HHH10001005: Database info:
	Database JDBC URL [Connecting through datasource 'HikariDataSource (HikariPool-1)']
	Database driver: undefined/unknown
	Database version: 17.4
	Autocommit mode: undefined/unknown
	Isolation level: undefined/unknown
	Minimum pool size: undefined/unknown
	Maximum pool size: undefined/unknown
2025-05-13T19:50:32.824+05:00  INFO 20620 --- [server] [restartedMain] o.h.e.t.j.p.i.JtaPlatformInitiator       : HHH000489: No JTA platform available (set 'hibernate.transaction.jta.platform' to enable JTA platform integration)
2025-05-13T19:50:34.337+05:00  INFO 20620 --- [server] [restartedMain] j.LocalContainerEntityManagerFactoryBean : Initialized JPA EntityManagerFactory for persistence unit 'default'
2025-05-13T19:50:35.080+05:00  INFO 20620 --- [server] [restartedMain] o.s.d.j.r.query.QueryEnhancerFactory     : Hibernate is in classpath; If applicable, HQL parser will be used.
2025-05-13T19:50:37.066+05:00  WARN 20620 --- [server] [restartedMain] .s.s.UserDetailsServiceAutoConfiguration : 

Using generated security password: cab72e4c-aa71-4859-ab0e-931c93fc02ab

This generated password is for development use only. Your security configuration must be updated before running your application in production.

2025-05-13T19:50:37.082+05:00  INFO 20620 --- [server] [restartedMain] r$InitializeUserDetailsManagerConfigurer : Global AuthenticationManager configured with UserDetailsService bean with name inMemoryUserDetailsManager
2025-05-13T19:50:38.289+05:00  INFO 20620 --- [server] [restartedMain] o.s.b.d.a.OptionalLiveReloadServer       : LiveReload server is running on port 35729
2025-05-13T19:50:38.369+05:00  INFO 20620 --- [server] [restartedMain] o.s.b.w.embedded.tomcat.TomcatWebServer  : Tomcat started on port 8080 (http) with context path '/'
2025-05-13T19:50:38.388+05:00  INFO 20620 --- [server] [restartedMain] com.vibeverse.server.ServerApplication   : Started ServerApplication in 19.428 seconds (process running for 21.056)
2025-05-13T19:50:52.382+05:00  INFO 20620 --- [server] [http-nio-8080-exec-1] o.a.c.c.C.[Tomcat].[localhost].[/]       : Initializing Spring DispatcherServlet 'dispatcherServlet'
2025-05-13T19:50:52.382+05:00  INFO 20620 --- [server] [http-nio-8080-exec-1] o.s.web.servlet.DispatcherServlet        : Initializing Servlet 'dispatcherServlet'
2025-05-13T19:50:52.387+05:00  INFO 20620 --- [server] [http-nio-8080-exec-1] o.s.web.servlet.DispatcherServlet        : Completed initialization in 4 ms
2025-05-13T20:25:35.834+05:00  WARN 20620 --- [server] [HikariPool-1 housekeeper] com.zaxxer.hikari.pool.HikariPool        : HikariPool-1 - Thread starvation or clock leap detected (housekeeper delta=11m38s193ms169µs700ns).
